[debug] [2021-01-03T00:45:19.338Z] ----------------------------------------------------------------------
[debug] [2021-01-03T00:45:19.341Z] Command:       C:\Program Files\nodejs\node.exe C:\Users\user\AppData\Roaming\npm\node_modules\firebase-tools\lib\bin\firebase.js emulators:start
[debug] [2021-01-03T00:45:19.342Z] CLI Version:   9.1.0
[debug] [2021-01-03T00:45:19.342Z] Platform:      win32
[debug] [2021-01-03T00:45:19.342Z] Node Version:  v10.16.2
[debug] [2021-01-03T00:45:19.343Z] Time:          Sat Jan 02 2021 16:45:19 GMT-0800 (Pacific Standard Time)
[debug] [2021-01-03T00:45:19.343Z] ----------------------------------------------------------------------
[debug] [2021-01-03T00:45:19.343Z] 
[debug] [2021-01-03T00:45:19.355Z] > command requires scopes: ["email","openid","https://www.googleapis.com/auth/cloudplatformprojects.readonly","https://www.googleapis.com/auth/firebase","https://www.googleapis.com/auth/cloud-platform"]
[debug] [2021-01-03T00:45:19.355Z] > authorizing via signed-in user
[info] i  emulators: Starting emulators: functions, hosting {"metadata":{"emulator":{"name":"hub"},"message":"Starting emulators: functions, hosting"}}
[debug] [2021-01-03T00:45:21.389Z] [hub] writing locator at C:\Users\user\AppData\Local\Temp\hub-clone-c5acd.json
[warn] !  functions: The following emulators are not running, calls to these services from the Functions emulator will affect production: auth, firestore, database, pubsub {"metadata":{"emulator":{"name":"functions"},"message":"The following emulators are not running, calls to these services from the Functions emulator will affect production: \u001b[1mauth, firestore, database, pubsub\u001b[22m"}}
[warn] !  Your requested "node" version "12" doesn't match your global version "10" {"metadata":{"emulator":{"name":"functions"},"message":"Your requested \"node\" version \"12\" doesn't match your global version \"10\""}}
[debug] [2021-01-03T00:45:23.444Z] defaultcredentials: writing to file C:\Users\user\AppData\Roaming\firebase\clementjaymes_gmail_com_application_default_credentials.json
[debug] [2021-01-03T00:45:23.449Z] Setting GAC to C:\Users\user\AppData\Roaming\firebase\clementjaymes_gmail_com_application_default_credentials.json {"metadata":{"emulator":{"name":"functions"},"message":"Setting GAC to C:\\Users\\user\\AppData\\Roaming\\firebase\\clementjaymes_gmail_com_application_default_credentials.json"}}
[debug] [2021-01-03T00:45:25.965Z] >>> HTTP REQUEST GET https://firebase.googleapis.com/v1beta1/projects/clone-c5acd/webApps/-/config  
 
[debug] [2021-01-03T00:45:27.356Z] <<< HTTP RESPONSE 200 {"content-type":"application/json; charset=UTF-8","vary":"X-Origin, Referer, Origin,Accept-Encoding","date":"Sat, 02 Jan 2021 15:46:50 GMT","server":"ESF","cache-control":"private","x-xss-protection":"0","x-frame-options":"SAMEORIGIN","x-content-type-options":"nosniff","alt-svc":"h3-29=\":443\"; ma=2592000,h3-T051=\":443\"; ma=2592000,h3-Q050=\":443\"; ma=2592000,h3-Q046=\":443\"; ma=2592000,h3-Q043=\":443\"; ma=2592000,quic=\":443\"; ma=2592000; v=\"46,43\"","accept-ranges":"none","transfer-encoding":"chunked"}
[info] i  hosting: Serving hosting files from: build {"metadata":{"emulator":{"name":"hosting"},"message":"Serving hosting files from: \u001b[1mbuild\u001b[22m"}}
[info] +  hosting: Local server: http://localhost:5000 {"metadata":{"emulator":{"name":"hosting"},"message":"Local server: \u001b[4m\u001b[1mhttp://localhost:5000\u001b[22m\u001b[24m"}}
[debug] [2021-01-03T00:45:31.549Z] Ignoring unsupported arg: auto_download {"metadata":{"emulator":{"name":"ui"},"message":"Ignoring unsupported arg: auto_download"}}
[debug] [2021-01-03T00:45:31.549Z] Ignoring unsupported arg: port {"metadata":{"emulator":{"name":"ui"},"message":"Ignoring unsupported arg: port"}}
[debug] [2021-01-03T00:45:31.549Z] Starting Emulator UI with command {"binary":"node","args":["C:\\Users\\user\\.cache\\firebase\\emulators\\ui-v1.4.1\\server.bundle.js"],"optionalArgs":[],"joinArgs":false} {"metadata":{"emulator":{"name":"ui"},"message":"Starting Emulator UI with command {\"binary\":\"node\",\"args\":[\"C:\\\\Users\\\\user\\\\.cache\\\\firebase\\\\emulators\\\\ui-v1.4.1\\\\server.bundle.js\"],\"optionalArgs\":[],\"joinArgs\":false}"}}
[info] i  ui: Emulator UI logging to ui-debug.log {"metadata":{"emulator":{"name":"ui"},"message":"Emulator UI logging to \u001b[1mui-debug.log\u001b[22m"}}
[debug] [2021-01-03T00:45:31.761Z] Web / API server started at http://localhost:4000
 {"metadata":{"emulator":{"name":"ui"},"message":"Web / API server started at http://localhost:4000\n"}}
[info] i  functions: Watching "D:\JAYMES\Codes\REACT PRODUCTIONS\Amazon Clone\amazon-clone\functions" for Cloud Functions... {"metadata":{"emulator":{"name":"functions"},"message":"Watching \"D:\\JAYMES\\Codes\\REACT PRODUCTIONS\\Amazon Clone\\amazon-clone\\functions\" for Cloud Functions..."}}
[debug] [2021-01-03T00:45:32.077Z] [worker-pool] addWorker(~diagnostic~) {"metadata":{"emulator":{"name":"functions"},"message":"[worker-pool] addWorker(~diagnostic~)"}}
[debug] [2021-01-03T00:45:32.077Z] [worker-pool] Adding worker with key ~diagnostic~, total=1 {"metadata":{"emulator":{"name":"functions"},"message":"[worker-pool] Adding worker with key ~diagnostic~, total=1"}}
[debug] [2021-01-03T00:45:32.077Z] [worker-pool] submitWork(triggerId=) {"metadata":{"emulator":{"name":"functions"},"message":"[worker-pool] submitWork(triggerId=)"}}
[debug] [2021-01-03T00:45:32.078Z] [worker-~diagnostic~-6d5a4c97-1bdd-4f5c-b9f0-411a4eae4cad]: Assigning socketPath: \\?\pipe\D:\JAYMES\Codes\REACT PRODUCTIONS\Amazon Clone\amazon-clone\functions\4844 {"metadata":{"emulator":{"name":"functions"},"message":"[worker-~diagnostic~-6d5a4c97-1bdd-4f5c-b9f0-411a4eae4cad]: Assigning socketPath: \\\\?\\pipe\\D:\\JAYMES\\Codes\\REACT PRODUCTIONS\\Amazon Clone\\amazon-clone\\functions\\4844"}}
[debug] [2021-01-03T00:45:32.079Z] [worker-~diagnostic~-6d5a4c97-1bdd-4f5c-b9f0-411a4eae4cad]: BUSY {"metadata":{"emulator":{"name":"functions"},"message":"[worker-~diagnostic~-6d5a4c97-1bdd-4f5c-b9f0-411a4eae4cad]: BUSY"}}
[debug] [2021-01-03T00:45:32.453Z] [runtime-status] [4844] Functions runtime initialized. {"cwd":"D:\\JAYMES\\Codes\\REACT PRODUCTIONS\\Amazon Clone\\amazon-clone\\functions","node_version":"10.16.2"} {"metadata":{"emulator":{"name":"functions"},"message":"[runtime-status] [4844] Functions runtime initialized. {\"cwd\":\"D:\\\\JAYMES\\\\Codes\\\\REACT PRODUCTIONS\\\\Amazon Clone\\\\amazon-clone\\\\functions\",\"node_version\":\"10.16.2\"}"}}
[debug] [2021-01-03T00:45:32.455Z] [runtime-status] [4844] Disabled runtime features: undefined {"metadata":{"emulator":{"name":"functions"},"message":"[runtime-status] [4844] Disabled runtime features: undefined"}}
[debug] [2021-01-03T00:45:32.462Z] [runtime-status] [4844] Resolved module firebase-admin {"declared":true,"installed":true,"version":"9.4.2","resolution":"D:\\JAYMES\\Codes\\REACT PRODUCTIONS\\Amazon Clone\\amazon-clone\\functions\\node_modules\\firebase-admin\\lib\\index.js"} {"metadata":{"emulator":{"name":"functions"},"message":"[runtime-status] [4844] Resolved module firebase-admin {\"declared\":true,\"installed\":true,\"version\":\"9.4.2\",\"resolution\":\"D:\\\\JAYMES\\\\Codes\\\\REACT PRODUCTIONS\\\\Amazon Clone\\\\amazon-clone\\\\functions\\\\node_modules\\\\firebase-admin\\\\lib\\\\index.js\"}"}}
[debug] [2021-01-03T00:45:32.465Z] [runtime-status] [4844] Resolved module firebase-functions {"declared":true,"installed":true,"version":"3.13.0","resolution":"D:\\JAYMES\\Codes\\REACT PRODUCTIONS\\Amazon Clone\\amazon-clone\\functions\\node_modules\\firebase-functions\\lib\\index.js"} {"metadata":{"emulator":{"name":"functions"},"message":"[runtime-status] [4844] Resolved module firebase-functions {\"declared\":true,\"installed\":true,\"version\":\"3.13.0\",\"resolution\":\"D:\\\\JAYMES\\\\Codes\\\\REACT PRODUCTIONS\\\\Amazon Clone\\\\amazon-clone\\\\functions\\\\node_modules\\\\firebase-functions\\\\lib\\\\index.js\"}"}}
[debug] [2021-01-03T00:45:32.466Z] [runtime-status] [4844] Resolved module firebase-functions {"declared":true,"installed":true,"version":"3.13.0","resolution":"D:\\JAYMES\\Codes\\REACT PRODUCTIONS\\Amazon Clone\\amazon-clone\\functions\\node_modules\\firebase-functions\\lib\\index.js"} {"metadata":{"emulator":{"name":"functions"},"message":"[runtime-status] [4844] Resolved module firebase-functions {\"declared\":true,\"installed\":true,\"version\":\"3.13.0\",\"resolution\":\"D:\\\\JAYMES\\\\Codes\\\\REACT PRODUCTIONS\\\\Amazon Clone\\\\amazon-clone\\\\functions\\\\node_modules\\\\firebase-functions\\\\lib\\\\index.js\"}"}}
[debug] [2021-01-03T00:45:32.471Z] [runtime-status] [4844] Outgoing network have been stubbed. [{"name":"http","status":"mocked"},{"name":"http","status":"mocked"},{"name":"https","status":"mocked"},{"name":"https","status":"mocked"},{"name":"net","status":"mocked"}] {"metadata":{"emulator":{"name":"functions"},"message":"[runtime-status] [4844] Outgoing network have been stubbed. [{\"name\":\"http\",\"status\":\"mocked\"},{\"name\":\"http\",\"status\":\"mocked\"},{\"name\":\"https\",\"status\":\"mocked\"},{\"name\":\"https\",\"status\":\"mocked\"},{\"name\":\"net\",\"status\":\"mocked\"}]"}}
[debug] [2021-01-03T00:45:32.471Z] [runtime-status] [4844] Resolved module firebase-functions {"declared":true,"installed":true,"version":"3.13.0","resolution":"D:\\JAYMES\\Codes\\REACT PRODUCTIONS\\Amazon Clone\\amazon-clone\\functions\\node_modules\\firebase-functions\\lib\\index.js"} {"metadata":{"emulator":{"name":"functions"},"message":"[runtime-status] [4844] Resolved module firebase-functions {\"declared\":true,\"installed\":true,\"version\":\"3.13.0\",\"resolution\":\"D:\\\\JAYMES\\\\Codes\\\\REACT PRODUCTIONS\\\\Amazon Clone\\\\amazon-clone\\\\functions\\\\node_modules\\\\firebase-functions\\\\lib\\\\index.js\"}"}}
[debug] [2021-01-03T00:45:32.531Z] [runtime-status] [4844] Checked functions.config() {"config":{}} {"metadata":{"emulator":{"name":"functions"},"message":"[runtime-status] [4844] Checked functions.config() {\"config\":{}}"}}
[debug] [2021-01-03T00:45:32.532Z] [runtime-status] [4844] firebase-functions has been stubbed. {"functionsResolution":{"declared":true,"installed":true,"version":"3.13.0","resolution":"D:\\JAYMES\\Codes\\REACT PRODUCTIONS\\Amazon Clone\\amazon-clone\\functions\\node_modules\\firebase-functions\\lib\\index.js"}} {"metadata":{"emulator":{"name":"functions"},"message":"[runtime-status] [4844] firebase-functions has been stubbed. {\"functionsResolution\":{\"declared\":true,\"installed\":true,\"version\":\"3.13.0\",\"resolution\":\"D:\\\\JAYMES\\\\Codes\\\\REACT PRODUCTIONS\\\\Amazon Clone\\\\amazon-clone\\\\functions\\\\node_modules\\\\firebase-functions\\\\lib\\\\index.js\"}}"}}
[debug] [2021-01-03T00:45:32.532Z] [runtime-status] [4844] Resolved module firebase-functions {"declared":true,"installed":true,"version":"3.13.0","resolution":"D:\\JAYMES\\Codes\\REACT PRODUCTIONS\\Amazon Clone\\amazon-clone\\functions\\node_modules\\firebase-functions\\lib\\index.js"} {"metadata":{"emulator":{"name":"functions"},"message":"[runtime-status] [4844] Resolved module firebase-functions {\"declared\":true,\"installed\":true,\"version\":\"3.13.0\",\"resolution\":\"D:\\\\JAYMES\\\\Codes\\\\REACT PRODUCTIONS\\\\Amazon Clone\\\\amazon-clone\\\\functions\\\\node_modules\\\\firebase-functions\\\\lib\\\\index.js\"}"}}
[debug] [2021-01-03T00:45:32.533Z] [runtime-status] [4844] Resolved module firebase-admin {"declared":true,"installed":true,"version":"9.4.2","resolution":"D:\\JAYMES\\Codes\\REACT PRODUCTIONS\\Amazon Clone\\amazon-clone\\functions\\node_modules\\firebase-admin\\lib\\index.js"} {"metadata":{"emulator":{"name":"functions"},"message":"[runtime-status] [4844] Resolved module firebase-admin {\"declared\":true,\"installed\":true,\"version\":\"9.4.2\",\"resolution\":\"D:\\\\JAYMES\\\\Codes\\\\REACT PRODUCTIONS\\\\Amazon Clone\\\\amazon-clone\\\\functions\\\\node_modules\\\\firebase-admin\\\\lib\\\\index.js\"}"}}
[debug] [2021-01-03T00:45:32.534Z] [runtime-status] [4844] Resolved module firebase-functions {"declared":true,"installed":true,"version":"3.13.0","resolution":"D:\\JAYMES\\Codes\\REACT PRODUCTIONS\\Amazon Clone\\amazon-clone\\functions\\node_modules\\firebase-functions\\lib\\index.js"} {"metadata":{"emulator":{"name":"functions"},"message":"[runtime-status] [4844] Resolved module firebase-functions {\"declared\":true,\"installed\":true,\"version\":\"3.13.0\",\"resolution\":\"D:\\\\JAYMES\\\\Codes\\\\REACT PRODUCTIONS\\\\Amazon Clone\\\\amazon-clone\\\\functions\\\\node_modules\\\\firebase-functions\\\\lib\\\\index.js\"}"}}
[debug] [2021-01-03T00:45:32.534Z] [runtime-status] [4844] firebase-admin has been stubbed. {"adminResolution":{"declared":true,"installed":true,"version":"9.4.2","resolution":"D:\\JAYMES\\Codes\\REACT PRODUCTIONS\\Amazon Clone\\amazon-clone\\functions\\node_modules\\firebase-admin\\lib\\index.js"}} {"metadata":{"emulator":{"name":"functions"},"message":"[runtime-status] [4844] firebase-admin has been stubbed. {\"adminResolution\":{\"declared\":true,\"installed\":true,\"version\":\"9.4.2\",\"resolution\":\"D:\\\\JAYMES\\\\Codes\\\\REACT PRODUCTIONS\\\\Amazon Clone\\\\amazon-clone\\\\functions\\\\node_modules\\\\firebase-admin\\\\lib\\\\index.js\"}}"}}
[info] +  functions[api]: http function initialized (http://localhost:5001/clone-c5acd/us-central1/api). {"metadata":{"emulator":{"name":"functions"},"message":"\u001b[1mhttp\u001b[22m function initialized (http://localhost:5001/clone-c5acd/us-central1/api)."}}
[info] 
┌─────────────────────────────────────────────────────────────┐
│ ✔  All emulators ready! It is now safe to connect your app. │
│ i  View Emulator UI at http://localhost:4000                │
└─────────────────────────────────────────────────────────────┘

┌───────────┬────────────────┬─────────────────────────────────┐
│ Emulator  │ Host:Port      │ View in Emulator UI             │
├───────────┼────────────────┼─────────────────────────────────┤
│ Functions │ localhost:5001 │ http://localhost:4000/functions │
├───────────┼────────────────┼─────────────────────────────────┤
│ Hosting   │ localhost:5000 │ n/a                             │
└───────────┴────────────────┴─────────────────────────────────┘
  Emulator Hub running at localhost:4400
  Other reserved ports: 4500

Issues? Report them at https://github.com/firebase/firebase-tools/issues and attach the *-debug.log files.
 
[debug] [2021-01-03T00:45:32.958Z] [worker-~diagnostic~-6d5a4c97-1bdd-4f5c-b9f0-411a4eae4cad]: IDLE {"metadata":{"emulator":{"name":"functions"},"message":"[worker-~diagnostic~-6d5a4c97-1bdd-4f5c-b9f0-411a4eae4cad]: IDLE"}}
[debug] [2021-01-03T00:45:45.737Z] [work-queue] {"queueLength":1,"workRunningCount":0}
[debug] [2021-01-03T00:45:45.738Z] [work-queue] {"queueLength":0,"workRunningCount":1}
[debug] [2021-01-03T00:45:45.738Z] Accepted request GET /clone-c5acd/us-central1/api --> api
[debug] [2021-01-03T00:45:45.747Z] [worker-pool] addWorker(api) {"metadata":{"emulator":{"name":"functions"},"message":"[worker-pool] addWorker(api)"}}
[debug] [2021-01-03T00:45:45.747Z] [worker-pool] Adding worker with key api, total=1 {"metadata":{"emulator":{"name":"functions"},"message":"[worker-pool] Adding worker with key api, total=1"}}
[debug] [2021-01-03T00:45:45.748Z] [worker-pool] submitWork(triggerId=api) {"metadata":{"emulator":{"name":"functions"},"message":"[worker-pool] submitWork(triggerId=api)"}}
[debug] [2021-01-03T00:45:45.748Z] [worker-api-94c17a44-31f8-417f-8c29-e78613cf4d32]: Assigning socketPath: \\?\pipe\D:\JAYMES\Codes\REACT PRODUCTIONS\Amazon Clone\amazon-clone\functions\10460 {"metadata":{"emulator":{"name":"functions"},"message":"[worker-api-94c17a44-31f8-417f-8c29-e78613cf4d32]: Assigning socketPath: \\\\?\\pipe\\D:\\JAYMES\\Codes\\REACT PRODUCTIONS\\Amazon Clone\\amazon-clone\\functions\\10460"}}
[debug] [2021-01-03T00:45:45.748Z] [worker-api-94c17a44-31f8-417f-8c29-e78613cf4d32]: BUSY {"metadata":{"emulator":{"name":"functions"},"message":"[worker-api-94c17a44-31f8-417f-8c29-e78613cf4d32]: BUSY"}}
[debug] [2021-01-03T00:45:46.184Z] [runtime-status] [10460] Functions runtime initialized. {"cwd":"D:\\JAYMES\\Codes\\REACT PRODUCTIONS\\Amazon Clone\\amazon-clone\\functions","node_version":"10.16.2"} {"metadata":{"emulator":{"name":"functions"},"function":{"name":"api"},"message":"[runtime-status] [10460] Functions runtime initialized. {\"cwd\":\"D:\\\\JAYMES\\\\Codes\\\\REACT PRODUCTIONS\\\\Amazon Clone\\\\amazon-clone\\\\functions\",\"node_version\":\"10.16.2\"}"}}
[debug] [2021-01-03T00:45:46.186Z] [runtime-status] [10460] Disabled runtime features: undefined {"metadata":{"emulator":{"name":"functions"},"function":{"name":"api"},"message":"[runtime-status] [10460] Disabled runtime features: undefined"}}
[debug] [2021-01-03T00:45:46.193Z] [runtime-status] [10460] Resolved module firebase-admin {"declared":true,"installed":true,"version":"9.4.2","resolution":"D:\\JAYMES\\Codes\\REACT PRODUCTIONS\\Amazon Clone\\amazon-clone\\functions\\node_modules\\firebase-admin\\lib\\index.js"} {"metadata":{"emulator":{"name":"functions"},"function":{"name":"api"},"message":"[runtime-status] [10460] Resolved module firebase-admin {\"declared\":true,\"installed\":true,\"version\":\"9.4.2\",\"resolution\":\"D:\\\\JAYMES\\\\Codes\\\\REACT PRODUCTIONS\\\\Amazon Clone\\\\amazon-clone\\\\functions\\\\node_modules\\\\firebase-admin\\\\lib\\\\index.js\"}"}}
[debug] [2021-01-03T00:45:46.195Z] [runtime-status] [10460] Resolved module firebase-functions {"declared":true,"installed":true,"version":"3.13.0","resolution":"D:\\JAYMES\\Codes\\REACT PRODUCTIONS\\Amazon Clone\\amazon-clone\\functions\\node_modules\\firebase-functions\\lib\\index.js"} {"metadata":{"emulator":{"name":"functions"},"function":{"name":"api"},"message":"[runtime-status] [10460] Resolved module firebase-functions {\"declared\":true,\"installed\":true,\"version\":\"3.13.0\",\"resolution\":\"D:\\\\JAYMES\\\\Codes\\\\REACT PRODUCTIONS\\\\Amazon Clone\\\\amazon-clone\\\\functions\\\\node_modules\\\\firebase-functions\\\\lib\\\\index.js\"}"}}
[debug] [2021-01-03T00:45:46.198Z] [runtime-status] [10460] Resolved module firebase-functions {"declared":true,"installed":true,"version":"3.13.0","resolution":"D:\\JAYMES\\Codes\\REACT PRODUCTIONS\\Amazon Clone\\amazon-clone\\functions\\node_modules\\firebase-functions\\lib\\index.js"} {"metadata":{"emulator":{"name":"functions"},"function":{"name":"api"},"message":"[runtime-status] [10460] Resolved module firebase-functions {\"declared\":true,\"installed\":true,\"version\":\"3.13.0\",\"resolution\":\"D:\\\\JAYMES\\\\Codes\\\\REACT PRODUCTIONS\\\\Amazon Clone\\\\amazon-clone\\\\functions\\\\node_modules\\\\firebase-functions\\\\lib\\\\index.js\"}"}}
[debug] [2021-01-03T00:45:46.207Z] [runtime-status] [10460] Outgoing network have been stubbed. [{"name":"http","status":"mocked"},{"name":"http","status":"mocked"},{"name":"https","status":"mocked"},{"name":"https","status":"mocked"},{"name":"net","status":"mocked"}] {"metadata":{"emulator":{"name":"functions"},"function":{"name":"api"},"message":"[runtime-status] [10460] Outgoing network have been stubbed. [{\"name\":\"http\",\"status\":\"mocked\"},{\"name\":\"http\",\"status\":\"mocked\"},{\"name\":\"https\",\"status\":\"mocked\"},{\"name\":\"https\",\"status\":\"mocked\"},{\"name\":\"net\",\"status\":\"mocked\"}]"}}
[debug] [2021-01-03T00:45:46.208Z] [runtime-status] [10460] Resolved module firebase-functions {"declared":true,"installed":true,"version":"3.13.0","resolution":"D:\\JAYMES\\Codes\\REACT PRODUCTIONS\\Amazon Clone\\amazon-clone\\functions\\node_modules\\firebase-functions\\lib\\index.js"} {"metadata":{"emulator":{"name":"functions"},"function":{"name":"api"},"message":"[runtime-status] [10460] Resolved module firebase-functions {\"declared\":true,\"installed\":true,\"version\":\"3.13.0\",\"resolution\":\"D:\\\\JAYMES\\\\Codes\\\\REACT PRODUCTIONS\\\\Amazon Clone\\\\amazon-clone\\\\functions\\\\node_modules\\\\firebase-functions\\\\lib\\\\index.js\"}"}}
[debug] [2021-01-03T00:45:46.279Z] [runtime-status] [10460] Checked functions.config() {"config":{}} {"metadata":{"emulator":{"name":"functions"},"function":{"name":"api"},"message":"[runtime-status] [10460] Checked functions.config() {\"config\":{}}"}}
[debug] [2021-01-03T00:45:46.280Z] [runtime-status] [10460] firebase-functions has been stubbed. {"functionsResolution":{"declared":true,"installed":true,"version":"3.13.0","resolution":"D:\\JAYMES\\Codes\\REACT PRODUCTIONS\\Amazon Clone\\amazon-clone\\functions\\node_modules\\firebase-functions\\lib\\index.js"}} {"metadata":{"emulator":{"name":"functions"},"function":{"name":"api"},"message":"[runtime-status] [10460] firebase-functions has been stubbed. {\"functionsResolution\":{\"declared\":true,\"installed\":true,\"version\":\"3.13.0\",\"resolution\":\"D:\\\\JAYMES\\\\Codes\\\\REACT PRODUCTIONS\\\\Amazon Clone\\\\amazon-clone\\\\functions\\\\node_modules\\\\firebase-functions\\\\lib\\\\index.js\"}}"}}
[debug] [2021-01-03T00:45:46.280Z] [runtime-status] [10460] Resolved module firebase-functions {"declared":true,"installed":true,"version":"3.13.0","resolution":"D:\\JAYMES\\Codes\\REACT PRODUCTIONS\\Amazon Clone\\amazon-clone\\functions\\node_modules\\firebase-functions\\lib\\index.js"} {"metadata":{"emulator":{"name":"functions"},"function":{"name":"api"},"message":"[runtime-status] [10460] Resolved module firebase-functions {\"declared\":true,\"installed\":true,\"version\":\"3.13.0\",\"resolution\":\"D:\\\\JAYMES\\\\Codes\\\\REACT PRODUCTIONS\\\\Amazon Clone\\\\amazon-clone\\\\functions\\\\node_modules\\\\firebase-functions\\\\lib\\\\index.js\"}"}}
[debug] [2021-01-03T00:45:46.282Z] [runtime-status] [10460] Resolved module firebase-admin {"declared":true,"installed":true,"version":"9.4.2","resolution":"D:\\JAYMES\\Codes\\REACT PRODUCTIONS\\Amazon Clone\\amazon-clone\\functions\\node_modules\\firebase-admin\\lib\\index.js"} {"metadata":{"emulator":{"name":"functions"},"function":{"name":"api"},"message":"[runtime-status] [10460] Resolved module firebase-admin {\"declared\":true,\"installed\":true,\"version\":\"9.4.2\",\"resolution\":\"D:\\\\JAYMES\\\\Codes\\\\REACT PRODUCTIONS\\\\Amazon Clone\\\\amazon-clone\\\\functions\\\\node_modules\\\\firebase-admin\\\\lib\\\\index.js\"}"}}
[debug] [2021-01-03T00:45:46.283Z] [runtime-status] [10460] Resolved module firebase-functions {"declared":true,"installed":true,"version":"3.13.0","resolution":"D:\\JAYMES\\Codes\\REACT PRODUCTIONS\\Amazon Clone\\amazon-clone\\functions\\node_modules\\firebase-functions\\lib\\index.js"} {"metadata":{"emulator":{"name":"functions"},"function":{"name":"api"},"message":"[runtime-status] [10460] Resolved module firebase-functions {\"declared\":true,\"installed\":true,\"version\":\"3.13.0\",\"resolution\":\"D:\\\\JAYMES\\\\Codes\\\\REACT PRODUCTIONS\\\\Amazon Clone\\\\amazon-clone\\\\functions\\\\node_modules\\\\firebase-functions\\\\lib\\\\index.js\"}"}}
[debug] [2021-01-03T00:45:46.284Z] [runtime-status] [10460] firebase-admin has been stubbed. {"adminResolution":{"declared":true,"installed":true,"version":"9.4.2","resolution":"D:\\JAYMES\\Codes\\REACT PRODUCTIONS\\Amazon Clone\\amazon-clone\\functions\\node_modules\\firebase-admin\\lib\\index.js"}} {"metadata":{"emulator":{"name":"functions"},"function":{"name":"api"},"message":"[runtime-status] [10460] firebase-admin has been stubbed. {\"adminResolution\":{\"declared\":true,\"installed\":true,\"version\":\"9.4.2\",\"resolution\":\"D:\\\\JAYMES\\\\Codes\\\\REACT PRODUCTIONS\\\\Amazon Clone\\\\amazon-clone\\\\functions\\\\node_modules\\\\firebase-admin\\\\lib\\\\index.js\"}}"}}
[debug] [2021-01-03T00:45:46.487Z] [runtime-status] [10460] Trigger "api" has been found, beginning invocation! {"metadata":{"emulator":{"name":"functions"},"function":{"name":"api"},"message":"[runtime-status] [10460] Trigger \"api\" has been found, beginning invocation!"}}
[info] i  functions: Beginning execution of "api" {"metadata":{"emulator":{"name":"functions"},"function":{"name":"api"},"message":"Beginning execution of \"api\""}}
[debug] [2021-01-03T00:45:46.489Z] [runtime-status] [10460] triggerDefinition {"httpsTrigger":{},"name":"api","entryPoint":"api"} {"metadata":{"emulator":{"name":"functions"},"function":{"name":"api"},"message":"[runtime-status] [10460] triggerDefinition {\"httpsTrigger\":{},\"name\":\"api\",\"entryPoint\":\"api\"}"}}
[debug] [2021-01-03T00:45:46.490Z] [runtime-status] [10460] Running api in mode HTTPS {"metadata":{"emulator":{"name":"functions"},"function":{"name":"api"},"message":"[runtime-status] [10460] Running api in mode HTTPS"}}
[debug] [2021-01-03T00:45:46.496Z] [runtime-status] [10460] Attempting to listen to socketPath: \\?\pipe\D:\JAYMES\Codes\REACT PRODUCTIONS\Amazon Clone\amazon-clone\functions\10460 {"metadata":{"emulator":{"name":"functions"},"function":{"name":"api"},"message":"[runtime-status] [10460] Attempting to listen to socketPath: \\\\?\\pipe\\D:\\JAYMES\\Codes\\REACT PRODUCTIONS\\Amazon Clone\\amazon-clone\\functions\\10460"}}
[debug] [2021-01-03T00:45:46.507Z] [functions] Runtime ready! Sending request! {"metadata":{"emulator":{"name":"functions"},"message":"[functions] Runtime ready! Sending request!"}}
[debug] [2021-01-03T00:45:46.525Z] [runtime-status] [10460] Ephemeral server handling GET request {"metadata":{"emulator":{"name":"functions"},"function":{"name":"api"},"message":"[runtime-status] [10460] Ephemeral server handling GET request"}}
[debug] [2021-01-03T00:45:46.536Z] [runtime-status] [10460] Ephemeral server survived. {"metadata":{"emulator":{"name":"functions"},"function":{"name":"api"},"message":"[runtime-status] [10460] Ephemeral server survived."}}
[info] i  functions: Finished "api" in ~1s {"metadata":{"emulator":{"name":"functions"},"function":{"name":"api"},"message":"Finished \"api\" in ~1s"}}
[debug] [2021-01-03T00:45:46.541Z] [worker-api-94c17a44-31f8-417f-8c29-e78613cf4d32]: IDLE {"metadata":{"emulator":{"name":"functions"},"message":"[worker-api-94c17a44-31f8-417f-8c29-e78613cf4d32]: IDLE"}}
[debug] [2021-01-03T00:45:46.542Z] [work-queue] {"queueLength":0,"workRunningCount":0}
[debug] [2021-01-03T00:45:46.925Z] Functions emulator received unknown request at path /favicon.ico
[debug] [2021-01-03T00:48:11.149Z] File D:\JAYMES\Codes\REACT PRODUCTIONS\Amazon Clone\amazon-clone\functions\index.js changed, reloading triggers {"metadata":{"emulator":{"name":"functions"},"message":"File D:\\JAYMES\\Codes\\REACT PRODUCTIONS\\Amazon Clone\\amazon-clone\\functions\\index.js changed, reloading triggers"}}
[debug] [2021-01-03T00:48:12.151Z] [worker-pool] Shutting down IDLE worker (~diagnostic~) {"metadata":{"emulator":{"name":"functions"},"message":"[worker-pool] Shutting down IDLE worker (~diagnostic~)"}}
[debug] [2021-01-03T00:48:12.151Z] [worker-~diagnostic~-6d5a4c97-1bdd-4f5c-b9f0-411a4eae4cad]: FINISHING {"metadata":{"emulator":{"name":"functions"},"message":"[worker-~diagnostic~-6d5a4c97-1bdd-4f5c-b9f0-411a4eae4cad]: FINISHING"}}
[debug] [2021-01-03T00:48:12.152Z] [worker-pool] Shutting down IDLE worker (api) {"metadata":{"emulator":{"name":"functions"},"message":"[worker-pool] Shutting down IDLE worker (api)"}}
[debug] [2021-01-03T00:48:12.153Z] [worker-api-94c17a44-31f8-417f-8c29-e78613cf4d32]: FINISHING {"metadata":{"emulator":{"name":"functions"},"message":"[worker-api-94c17a44-31f8-417f-8c29-e78613cf4d32]: FINISHING"}}
[debug] [2021-01-03T00:48:12.160Z] [worker-pool] addWorker(~diagnostic~) {"metadata":{"emulator":{"name":"functions"},"message":"[worker-pool] addWorker(~diagnostic~)"}}
[debug] [2021-01-03T00:48:12.160Z] [worker-pool] Adding worker with key ~diagnostic~, total=2 {"metadata":{"emulator":{"name":"functions"},"message":"[worker-pool] Adding worker with key ~diagnostic~, total=2"}}
[debug] [2021-01-03T00:48:12.161Z] [worker-pool] submitWork(triggerId=) {"metadata":{"emulator":{"name":"functions"},"message":"[worker-pool] submitWork(triggerId=)"}}
[debug] [2021-01-03T00:48:12.161Z] [worker-~diagnostic~-59c632ea-d84b-46f8-b073-0149b5d722d1]: Assigning socketPath: \\?\pipe\D:\JAYMES\Codes\REACT PRODUCTIONS\Amazon Clone\amazon-clone\functions\8420 {"metadata":{"emulator":{"name":"functions"},"message":"[worker-~diagnostic~-59c632ea-d84b-46f8-b073-0149b5d722d1]: Assigning socketPath: \\\\?\\pipe\\D:\\JAYMES\\Codes\\REACT PRODUCTIONS\\Amazon Clone\\amazon-clone\\functions\\8420"}}
[debug] [2021-01-03T00:48:12.161Z] [worker-~diagnostic~-59c632ea-d84b-46f8-b073-0149b5d722d1]: BUSY {"metadata":{"emulator":{"name":"functions"},"message":"[worker-~diagnostic~-59c632ea-d84b-46f8-b073-0149b5d722d1]: BUSY"}}
[debug] [2021-01-03T00:48:12.179Z] [worker-api-94c17a44-31f8-417f-8c29-e78613cf4d32]: exited {"metadata":{"emulator":{"name":"functions"},"message":"[worker-api-94c17a44-31f8-417f-8c29-e78613cf4d32]: exited"}}
[debug] [2021-01-03T00:48:12.180Z] [worker-api-94c17a44-31f8-417f-8c29-e78613cf4d32]: FINISHED {"metadata":{"emulator":{"name":"functions"},"message":"[worker-api-94c17a44-31f8-417f-8c29-e78613cf4d32]: FINISHED"}}
[debug] [2021-01-03T00:48:12.185Z] [worker-~diagnostic~-6d5a4c97-1bdd-4f5c-b9f0-411a4eae4cad]: exited {"metadata":{"emulator":{"name":"functions"},"message":"[worker-~diagnostic~-6d5a4c97-1bdd-4f5c-b9f0-411a4eae4cad]: exited"}}
[debug] [2021-01-03T00:48:12.185Z] [worker-~diagnostic~-6d5a4c97-1bdd-4f5c-b9f0-411a4eae4cad]: FINISHED {"metadata":{"emulator":{"name":"functions"},"message":"[worker-~diagnostic~-6d5a4c97-1bdd-4f5c-b9f0-411a4eae4cad]: FINISHED"}}
[debug] [2021-01-03T00:48:12.529Z] [runtime-status] [8420] Functions runtime initialized. {"cwd":"D:\\JAYMES\\Codes\\REACT PRODUCTIONS\\Amazon Clone\\amazon-clone\\functions","node_version":"10.16.2"} {"metadata":{"emulator":{"name":"functions"},"message":"[runtime-status] [8420] Functions runtime initialized. {\"cwd\":\"D:\\\\JAYMES\\\\Codes\\\\REACT PRODUCTIONS\\\\Amazon Clone\\\\amazon-clone\\\\functions\",\"node_version\":\"10.16.2\"}"}}
[debug] [2021-01-03T00:48:12.532Z] [runtime-status] [8420] Disabled runtime features: undefined {"metadata":{"emulator":{"name":"functions"},"message":"[runtime-status] [8420] Disabled runtime features: undefined"}}
[debug] [2021-01-03T00:48:12.540Z] [runtime-status] [8420] Resolved module firebase-admin {"declared":true,"installed":true,"version":"9.4.2","resolution":"D:\\JAYMES\\Codes\\REACT PRODUCTIONS\\Amazon Clone\\amazon-clone\\functions\\node_modules\\firebase-admin\\lib\\index.js"} {"metadata":{"emulator":{"name":"functions"},"message":"[runtime-status] [8420] Resolved module firebase-admin {\"declared\":true,\"installed\":true,\"version\":\"9.4.2\",\"resolution\":\"D:\\\\JAYMES\\\\Codes\\\\REACT PRODUCTIONS\\\\Amazon Clone\\\\amazon-clone\\\\functions\\\\node_modules\\\\firebase-admin\\\\lib\\\\index.js\"}"}}
[debug] [2021-01-03T00:48:12.541Z] [runtime-status] [8420] Resolved module firebase-functions {"declared":true,"installed":true,"version":"3.13.0","resolution":"D:\\JAYMES\\Codes\\REACT PRODUCTIONS\\Amazon Clone\\amazon-clone\\functions\\node_modules\\firebase-functions\\lib\\index.js"} {"metadata":{"emulator":{"name":"functions"},"message":"[runtime-status] [8420] Resolved module firebase-functions {\"declared\":true,\"installed\":true,\"version\":\"3.13.0\",\"resolution\":\"D:\\\\JAYMES\\\\Codes\\\\REACT PRODUCTIONS\\\\Amazon Clone\\\\amazon-clone\\\\functions\\\\node_modules\\\\firebase-functions\\\\lib\\\\index.js\"}"}}
[debug] [2021-01-03T00:48:12.543Z] [runtime-status] [8420] Resolved module firebase-functions {"declared":true,"installed":true,"version":"3.13.0","resolution":"D:\\JAYMES\\Codes\\REACT PRODUCTIONS\\Amazon Clone\\amazon-clone\\functions\\node_modules\\firebase-functions\\lib\\index.js"} {"metadata":{"emulator":{"name":"functions"},"message":"[runtime-status] [8420] Resolved module firebase-functions {\"declared\":true,\"installed\":true,\"version\":\"3.13.0\",\"resolution\":\"D:\\\\JAYMES\\\\Codes\\\\REACT PRODUCTIONS\\\\Amazon Clone\\\\amazon-clone\\\\functions\\\\node_modules\\\\firebase-functions\\\\lib\\\\index.js\"}"}}
[debug] [2021-01-03T00:48:12.547Z] [runtime-status] [8420] Outgoing network have been stubbed. [{"name":"http","status":"mocked"},{"name":"http","status":"mocked"},{"name":"https","status":"mocked"},{"name":"https","status":"mocked"},{"name":"net","status":"mocked"}] {"metadata":{"emulator":{"name":"functions"},"message":"[runtime-status] [8420] Outgoing network have been stubbed. [{\"name\":\"http\",\"status\":\"mocked\"},{\"name\":\"http\",\"status\":\"mocked\"},{\"name\":\"https\",\"status\":\"mocked\"},{\"name\":\"https\",\"status\":\"mocked\"},{\"name\":\"net\",\"status\":\"mocked\"}]"}}
[debug] [2021-01-03T00:48:12.548Z] [runtime-status] [8420] Resolved module firebase-functions {"declared":true,"installed":true,"version":"3.13.0","resolution":"D:\\JAYMES\\Codes\\REACT PRODUCTIONS\\Amazon Clone\\amazon-clone\\functions\\node_modules\\firebase-functions\\lib\\index.js"} {"metadata":{"emulator":{"name":"functions"},"message":"[runtime-status] [8420] Resolved module firebase-functions {\"declared\":true,\"installed\":true,\"version\":\"3.13.0\",\"resolution\":\"D:\\\\JAYMES\\\\Codes\\\\REACT PRODUCTIONS\\\\Amazon Clone\\\\amazon-clone\\\\functions\\\\node_modules\\\\firebase-functions\\\\lib\\\\index.js\"}"}}
[debug] [2021-01-03T00:48:12.611Z] [runtime-status] [8420] Checked functions.config() {"config":{}} {"metadata":{"emulator":{"name":"functions"},"message":"[runtime-status] [8420] Checked functions.config() {\"config\":{}}"}}
[debug] [2021-01-03T00:48:12.611Z] [runtime-status] [8420] firebase-functions has been stubbed. {"functionsResolution":{"declared":true,"installed":true,"version":"3.13.0","resolution":"D:\\JAYMES\\Codes\\REACT PRODUCTIONS\\Amazon Clone\\amazon-clone\\functions\\node_modules\\firebase-functions\\lib\\index.js"}} {"metadata":{"emulator":{"name":"functions"},"message":"[runtime-status] [8420] firebase-functions has been stubbed. {\"functionsResolution\":{\"declared\":true,\"installed\":true,\"version\":\"3.13.0\",\"resolution\":\"D:\\\\JAYMES\\\\Codes\\\\REACT PRODUCTIONS\\\\Amazon Clone\\\\amazon-clone\\\\functions\\\\node_modules\\\\firebase-functions\\\\lib\\\\index.js\"}}"}}
[debug] [2021-01-03T00:48:12.612Z] [runtime-status] [8420] Resolved module firebase-functions {"declared":true,"installed":true,"version":"3.13.0","resolution":"D:\\JAYMES\\Codes\\REACT PRODUCTIONS\\Amazon Clone\\amazon-clone\\functions\\node_modules\\firebase-functions\\lib\\index.js"} {"metadata":{"emulator":{"name":"functions"},"message":"[runtime-status] [8420] Resolved module firebase-functions {\"declared\":true,\"installed\":true,\"version\":\"3.13.0\",\"resolution\":\"D:\\\\JAYMES\\\\Codes\\\\REACT PRODUCTIONS\\\\Amazon Clone\\\\amazon-clone\\\\functions\\\\node_modules\\\\firebase-functions\\\\lib\\\\index.js\"}"}}
[debug] [2021-01-03T00:48:12.613Z] [runtime-status] [8420] Resolved module firebase-admin {"declared":true,"installed":true,"version":"9.4.2","resolution":"D:\\JAYMES\\Codes\\REACT PRODUCTIONS\\Amazon Clone\\amazon-clone\\functions\\node_modules\\firebase-admin\\lib\\index.js"} {"metadata":{"emulator":{"name":"functions"},"message":"[runtime-status] [8420] Resolved module firebase-admin {\"declared\":true,\"installed\":true,\"version\":\"9.4.2\",\"resolution\":\"D:\\\\JAYMES\\\\Codes\\\\REACT PRODUCTIONS\\\\Amazon Clone\\\\amazon-clone\\\\functions\\\\node_modules\\\\firebase-admin\\\\lib\\\\index.js\"}"}}
[debug] [2021-01-03T00:48:12.614Z] [runtime-status] [8420] Resolved module firebase-functions {"declared":true,"installed":true,"version":"3.13.0","resolution":"D:\\JAYMES\\Codes\\REACT PRODUCTIONS\\Amazon Clone\\amazon-clone\\functions\\node_modules\\firebase-functions\\lib\\index.js"} {"metadata":{"emulator":{"name":"functions"},"message":"[runtime-status] [8420] Resolved module firebase-functions {\"declared\":true,\"installed\":true,\"version\":\"3.13.0\",\"resolution\":\"D:\\\\JAYMES\\\\Codes\\\\REACT PRODUCTIONS\\\\Amazon Clone\\\\amazon-clone\\\\functions\\\\node_modules\\\\firebase-functions\\\\lib\\\\index.js\"}"}}
[debug] [2021-01-03T00:48:12.614Z] [runtime-status] [8420] firebase-admin has been stubbed. {"adminResolution":{"declared":true,"installed":true,"version":"9.4.2","resolution":"D:\\JAYMES\\Codes\\REACT PRODUCTIONS\\Amazon Clone\\amazon-clone\\functions\\node_modules\\firebase-admin\\lib\\index.js"}} {"metadata":{"emulator":{"name":"functions"},"message":"[runtime-status] [8420] firebase-admin has been stubbed. {\"adminResolution\":{\"declared\":true,\"installed\":true,\"version\":\"9.4.2\",\"resolution\":\"D:\\\\JAYMES\\\\Codes\\\\REACT PRODUCTIONS\\\\Amazon Clone\\\\amazon-clone\\\\functions\\\\node_modules\\\\firebase-admin\\\\lib\\\\index.js\"}}"}}
[debug] [2021-01-03T00:48:12.812Z] [worker-~diagnostic~-59c632ea-d84b-46f8-b073-0149b5d722d1]: IDLE {"metadata":{"emulator":{"name":"functions"},"message":"[worker-~diagnostic~-59c632ea-d84b-46f8-b073-0149b5d722d1]: IDLE"}}
[debug] [2021-01-03T00:49:03.324Z] [work-queue] {"queueLength":1,"workRunningCount":0}
[debug] [2021-01-03T00:49:03.324Z] [work-queue] {"queueLength":0,"workRunningCount":1}
[debug] [2021-01-03T00:49:03.324Z] Accepted request GET /clone-c5acd/us-central1/api --> api
[debug] [2021-01-03T00:49:03.325Z] [worker-pool] Cleaned up workers for ~diagnostic~: 2 --> 1 {"metadata":{"emulator":{"name":"functions"},"message":"[worker-pool] Cleaned up workers for ~diagnostic~: 2 --> 1"}}
[debug] [2021-01-03T00:49:03.325Z] [worker-pool] Cleaned up workers for api: 1 --> 0 {"metadata":{"emulator":{"name":"functions"},"message":"[worker-pool] Cleaned up workers for api: 1 --> 0"}}
[debug] [2021-01-03T00:49:03.328Z] [worker-pool] addWorker(api) {"metadata":{"emulator":{"name":"functions"},"message":"[worker-pool] addWorker(api)"}}
[debug] [2021-01-03T00:49:03.329Z] [worker-pool] Adding worker with key api, total=1 {"metadata":{"emulator":{"name":"functions"},"message":"[worker-pool] Adding worker with key api, total=1"}}
[debug] [2021-01-03T00:49:03.329Z] [worker-pool] submitWork(triggerId=api) {"metadata":{"emulator":{"name":"functions"},"message":"[worker-pool] submitWork(triggerId=api)"}}
[debug] [2021-01-03T00:49:03.329Z] [worker-api-29ce0127-e74e-4ca4-9fa8-0392c44e8ffe]: Assigning socketPath: \\?\pipe\D:\JAYMES\Codes\REACT PRODUCTIONS\Amazon Clone\amazon-clone\functions\1180 {"metadata":{"emulator":{"name":"functions"},"message":"[worker-api-29ce0127-e74e-4ca4-9fa8-0392c44e8ffe]: Assigning socketPath: \\\\?\\pipe\\D:\\JAYMES\\Codes\\REACT PRODUCTIONS\\Amazon Clone\\amazon-clone\\functions\\1180"}}
[debug] [2021-01-03T00:49:03.329Z] [worker-api-29ce0127-e74e-4ca4-9fa8-0392c44e8ffe]: BUSY {"metadata":{"emulator":{"name":"functions"},"message":"[worker-api-29ce0127-e74e-4ca4-9fa8-0392c44e8ffe]: BUSY"}}
[debug] [2021-01-03T00:49:03.725Z] [runtime-status] [1180] Functions runtime initialized. {"cwd":"D:\\JAYMES\\Codes\\REACT PRODUCTIONS\\Amazon Clone\\amazon-clone\\functions","node_version":"10.16.2"} {"metadata":{"emulator":{"name":"functions"},"function":{"name":"api"},"message":"[runtime-status] [1180] Functions runtime initialized. {\"cwd\":\"D:\\\\JAYMES\\\\Codes\\\\REACT PRODUCTIONS\\\\Amazon Clone\\\\amazon-clone\\\\functions\",\"node_version\":\"10.16.2\"}"}}
[debug] [2021-01-03T00:49:03.729Z] [runtime-status] [1180] Disabled runtime features: undefined {"metadata":{"emulator":{"name":"functions"},"function":{"name":"api"},"message":"[runtime-status] [1180] Disabled runtime features: undefined"}}
[debug] [2021-01-03T00:49:03.740Z] [runtime-status] [1180] Resolved module firebase-admin {"declared":true,"installed":true,"version":"9.4.2","resolution":"D:\\JAYMES\\Codes\\REACT PRODUCTIONS\\Amazon Clone\\amazon-clone\\functions\\node_modules\\firebase-admin\\lib\\index.js"} {"metadata":{"emulator":{"name":"functions"},"function":{"name":"api"},"message":"[runtime-status] [1180] Resolved module firebase-admin {\"declared\":true,\"installed\":true,\"version\":\"9.4.2\",\"resolution\":\"D:\\\\JAYMES\\\\Codes\\\\REACT PRODUCTIONS\\\\Amazon Clone\\\\amazon-clone\\\\functions\\\\node_modules\\\\firebase-admin\\\\lib\\\\index.js\"}"}}
[debug] [2021-01-03T00:49:03.743Z] [runtime-status] [1180] Resolved module firebase-functions {"declared":true,"installed":true,"version":"3.13.0","resolution":"D:\\JAYMES\\Codes\\REACT PRODUCTIONS\\Amazon Clone\\amazon-clone\\functions\\node_modules\\firebase-functions\\lib\\index.js"} {"metadata":{"emulator":{"name":"functions"},"function":{"name":"api"},"message":"[runtime-status] [1180] Resolved module firebase-functions {\"declared\":true,\"installed\":true,\"version\":\"3.13.0\",\"resolution\":\"D:\\\\JAYMES\\\\Codes\\\\REACT PRODUCTIONS\\\\Amazon Clone\\\\amazon-clone\\\\functions\\\\node_modules\\\\firebase-functions\\\\lib\\\\index.js\"}"}}
[debug] [2021-01-03T00:49:03.745Z] [runtime-status] [1180] Resolved module firebase-functions {"declared":true,"installed":true,"version":"3.13.0","resolution":"D:\\JAYMES\\Codes\\REACT PRODUCTIONS\\Amazon Clone\\amazon-clone\\functions\\node_modules\\firebase-functions\\lib\\index.js"} {"metadata":{"emulator":{"name":"functions"},"function":{"name":"api"},"message":"[runtime-status] [1180] Resolved module firebase-functions {\"declared\":true,\"installed\":true,\"version\":\"3.13.0\",\"resolution\":\"D:\\\\JAYMES\\\\Codes\\\\REACT PRODUCTIONS\\\\Amazon Clone\\\\amazon-clone\\\\functions\\\\node_modules\\\\firebase-functions\\\\lib\\\\index.js\"}"}}
[debug] [2021-01-03T00:49:03.752Z] [runtime-status] [1180] Outgoing network have been stubbed. [{"name":"http","status":"mocked"},{"name":"http","status":"mocked"},{"name":"https","status":"mocked"},{"name":"https","status":"mocked"},{"name":"net","status":"mocked"}] {"metadata":{"emulator":{"name":"functions"},"function":{"name":"api"},"message":"[runtime-status] [1180] Outgoing network have been stubbed. [{\"name\":\"http\",\"status\":\"mocked\"},{\"name\":\"http\",\"status\":\"mocked\"},{\"name\":\"https\",\"status\":\"mocked\"},{\"name\":\"https\",\"status\":\"mocked\"},{\"name\":\"net\",\"status\":\"mocked\"}]"}}
[debug] [2021-01-03T00:49:03.753Z] [runtime-status] [1180] Resolved module firebase-functions {"declared":true,"installed":true,"version":"3.13.0","resolution":"D:\\JAYMES\\Codes\\REACT PRODUCTIONS\\Amazon Clone\\amazon-clone\\functions\\node_modules\\firebase-functions\\lib\\index.js"} {"metadata":{"emulator":{"name":"functions"},"function":{"name":"api"},"message":"[runtime-status] [1180] Resolved module firebase-functions {\"declared\":true,\"installed\":true,\"version\":\"3.13.0\",\"resolution\":\"D:\\\\JAYMES\\\\Codes\\\\REACT PRODUCTIONS\\\\Amazon Clone\\\\amazon-clone\\\\functions\\\\node_modules\\\\firebase-functions\\\\lib\\\\index.js\"}"}}
[debug] [2021-01-03T00:49:03.847Z] [runtime-status] [1180] Checked functions.config() {"config":{}} {"metadata":{"emulator":{"name":"functions"},"function":{"name":"api"},"message":"[runtime-status] [1180] Checked functions.config() {\"config\":{}}"}}
[debug] [2021-01-03T00:49:03.848Z] [runtime-status] [1180] firebase-functions has been stubbed. {"functionsResolution":{"declared":true,"installed":true,"version":"3.13.0","resolution":"D:\\JAYMES\\Codes\\REACT PRODUCTIONS\\Amazon Clone\\amazon-clone\\functions\\node_modules\\firebase-functions\\lib\\index.js"}} {"metadata":{"emulator":{"name":"functions"},"function":{"name":"api"},"message":"[runtime-status] [1180] firebase-functions has been stubbed. {\"functionsResolution\":{\"declared\":true,\"installed\":true,\"version\":\"3.13.0\",\"resolution\":\"D:\\\\JAYMES\\\\Codes\\\\REACT PRODUCTIONS\\\\Amazon Clone\\\\amazon-clone\\\\functions\\\\node_modules\\\\firebase-functions\\\\lib\\\\index.js\"}}"}}
[debug] [2021-01-03T00:49:03.849Z] [runtime-status] [1180] Resolved module firebase-functions {"declared":true,"installed":true,"version":"3.13.0","resolution":"D:\\JAYMES\\Codes\\REACT PRODUCTIONS\\Amazon Clone\\amazon-clone\\functions\\node_modules\\firebase-functions\\lib\\index.js"} {"metadata":{"emulator":{"name":"functions"},"function":{"name":"api"},"message":"[runtime-status] [1180] Resolved module firebase-functions {\"declared\":true,\"installed\":true,\"version\":\"3.13.0\",\"resolution\":\"D:\\\\JAYMES\\\\Codes\\\\REACT PRODUCTIONS\\\\Amazon Clone\\\\amazon-clone\\\\functions\\\\node_modules\\\\firebase-functions\\\\lib\\\\index.js\"}"}}
[debug] [2021-01-03T00:49:03.851Z] [runtime-status] [1180] Resolved module firebase-admin {"declared":true,"installed":true,"version":"9.4.2","resolution":"D:\\JAYMES\\Codes\\REACT PRODUCTIONS\\Amazon Clone\\amazon-clone\\functions\\node_modules\\firebase-admin\\lib\\index.js"} {"metadata":{"emulator":{"name":"functions"},"function":{"name":"api"},"message":"[runtime-status] [1180] Resolved module firebase-admin {\"declared\":true,\"installed\":true,\"version\":\"9.4.2\",\"resolution\":\"D:\\\\JAYMES\\\\Codes\\\\REACT PRODUCTIONS\\\\Amazon Clone\\\\amazon-clone\\\\functions\\\\node_modules\\\\firebase-admin\\\\lib\\\\index.js\"}"}}
[debug] [2021-01-03T00:49:03.852Z] [runtime-status] [1180] Resolved module firebase-functions {"declared":true,"installed":true,"version":"3.13.0","resolution":"D:\\JAYMES\\Codes\\REACT PRODUCTIONS\\Amazon Clone\\amazon-clone\\functions\\node_modules\\firebase-functions\\lib\\index.js"} {"metadata":{"emulator":{"name":"functions"},"function":{"name":"api"},"message":"[runtime-status] [1180] Resolved module firebase-functions {\"declared\":true,\"installed\":true,\"version\":\"3.13.0\",\"resolution\":\"D:\\\\JAYMES\\\\Codes\\\\REACT PRODUCTIONS\\\\Amazon Clone\\\\amazon-clone\\\\functions\\\\node_modules\\\\firebase-functions\\\\lib\\\\index.js\"}"}}
[debug] [2021-01-03T00:49:03.852Z] [runtime-status] [1180] firebase-admin has been stubbed. {"adminResolution":{"declared":true,"installed":true,"version":"9.4.2","resolution":"D:\\JAYMES\\Codes\\REACT PRODUCTIONS\\Amazon Clone\\amazon-clone\\functions\\node_modules\\firebase-admin\\lib\\index.js"}} {"metadata":{"emulator":{"name":"functions"},"function":{"name":"api"},"message":"[runtime-status] [1180] firebase-admin has been stubbed. {\"adminResolution\":{\"declared\":true,\"installed\":true,\"version\":\"9.4.2\",\"resolution\":\"D:\\\\JAYMES\\\\Codes\\\\REACT PRODUCTIONS\\\\Amazon Clone\\\\amazon-clone\\\\functions\\\\node_modules\\\\firebase-admin\\\\lib\\\\index.js\"}}"}}
[debug] [2021-01-03T00:49:04.111Z] [runtime-status] [1180] Trigger "api" has been found, beginning invocation! {"metadata":{"emulator":{"name":"functions"},"function":{"name":"api"},"message":"[runtime-status] [1180] Trigger \"api\" has been found, beginning invocation!"}}
[info] i  functions: Beginning execution of "api" {"metadata":{"emulator":{"name":"functions"},"function":{"name":"api"},"message":"Beginning execution of \"api\""}}
[debug] [2021-01-03T00:49:04.117Z] [runtime-status] [1180] triggerDefinition {"httpsTrigger":{},"name":"api","entryPoint":"api"} {"metadata":{"emulator":{"name":"functions"},"function":{"name":"api"},"message":"[runtime-status] [1180] triggerDefinition {\"httpsTrigger\":{},\"name\":\"api\",\"entryPoint\":\"api\"}"}}
[debug] [2021-01-03T00:49:04.118Z] [runtime-status] [1180] Running api in mode HTTPS {"metadata":{"emulator":{"name":"functions"},"function":{"name":"api"},"message":"[runtime-status] [1180] Running api in mode HTTPS"}}
[debug] [2021-01-03T00:49:04.129Z] [runtime-status] [1180] Attempting to listen to socketPath: \\?\pipe\D:\JAYMES\Codes\REACT PRODUCTIONS\Amazon Clone\amazon-clone\functions\1180 {"metadata":{"emulator":{"name":"functions"},"function":{"name":"api"},"message":"[runtime-status] [1180] Attempting to listen to socketPath: \\\\?\\pipe\\D:\\JAYMES\\Codes\\REACT PRODUCTIONS\\Amazon Clone\\amazon-clone\\functions\\1180"}}
[debug] [2021-01-03T00:49:04.153Z] [functions] Runtime ready! Sending request! {"metadata":{"emulator":{"name":"functions"},"message":"[functions] Runtime ready! Sending request!"}}
[debug] [2021-01-03T00:49:04.185Z] [runtime-status] [1180] Ephemeral server handling GET request {"metadata":{"emulator":{"name":"functions"},"function":{"name":"api"},"message":"[runtime-status] [1180] Ephemeral server handling GET request"}}
[debug] [2021-01-03T00:49:04.200Z] [runtime-status] [1180] Ephemeral server survived. {"metadata":{"emulator":{"name":"functions"},"function":{"name":"api"},"message":"[runtime-status] [1180] Ephemeral server survived."}}
[info] i  functions: Finished "api" in ~1s {"metadata":{"emulator":{"name":"functions"},"function":{"name":"api"},"message":"Finished \"api\" in ~1s"}}
[debug] [2021-01-03T00:49:04.207Z] [worker-api-29ce0127-e74e-4ca4-9fa8-0392c44e8ffe]: IDLE {"metadata":{"emulator":{"name":"functions"},"message":"[worker-api-29ce0127-e74e-4ca4-9fa8-0392c44e8ffe]: IDLE"}}
[debug] [2021-01-03T00:49:04.207Z] [work-queue] {"queueLength":0,"workRunningCount":0}
[debug] [2021-01-03T00:50:22.729Z] [work-queue] {"queueLength":1,"workRunningCount":0}
[debug] [2021-01-03T00:50:22.730Z] [work-queue] {"queueLength":0,"workRunningCount":1}
[debug] [2021-01-03T00:50:22.730Z] Accepted request GET /clone-c5acd/us-central1/api --> api
[debug] [2021-01-03T00:50:22.730Z] [worker-pool] submitWork(triggerId=api) {"metadata":{"emulator":{"name":"functions"},"message":"[worker-pool] submitWork(triggerId=api)"}}
[debug] [2021-01-03T00:50:22.730Z] [worker-api-29ce0127-e74e-4ca4-9fa8-0392c44e8ffe]: Assigning socketPath: \\?\pipe\D:\JAYMES\Codes\REACT PRODUCTIONS\Amazon Clone\amazon-clone\functions\1180 {"metadata":{"emulator":{"name":"functions"},"message":"[worker-api-29ce0127-e74e-4ca4-9fa8-0392c44e8ffe]: Assigning socketPath: \\\\?\\pipe\\D:\\JAYMES\\Codes\\REACT PRODUCTIONS\\Amazon Clone\\amazon-clone\\functions\\1180"}}
[debug] [2021-01-03T00:50:22.731Z] [worker-api-29ce0127-e74e-4ca4-9fa8-0392c44e8ffe]: BUSY {"metadata":{"emulator":{"name":"functions"},"message":"[worker-api-29ce0127-e74e-4ca4-9fa8-0392c44e8ffe]: BUSY"}}
[debug] [2021-01-03T00:50:22.732Z] [runtime-status] [1180] Trigger "api" has been found, beginning invocation! {"metadata":{"emulator":{"name":"functions"},"function":{"name":"api"},"message":"[runtime-status] [1180] Trigger \"api\" has been found, beginning invocation!"}}
[info] i  functions: Beginning execution of "api" {"metadata":{"emulator":{"name":"functions"},"function":{"name":"api"},"message":"Beginning execution of \"api\""}}
[debug] [2021-01-03T00:50:22.745Z] [runtime-status] [1180] triggerDefinition {"httpsTrigger":{},"name":"api","entryPoint":"api"} {"metadata":{"emulator":{"name":"functions"},"function":{"name":"api"},"message":"[runtime-status] [1180] triggerDefinition {\"httpsTrigger\":{},\"name\":\"api\",\"entryPoint\":\"api\"}"}}
[debug] [2021-01-03T00:50:22.746Z] [runtime-status] [1180] Running api in mode HTTPS {"metadata":{"emulator":{"name":"functions"},"function":{"name":"api"},"message":"[runtime-status] [1180] Running api in mode HTTPS"}}
[debug] [2021-01-03T00:50:22.746Z] [runtime-status] [1180] Attempting to listen to socketPath: \\?\pipe\D:\JAYMES\Codes\REACT PRODUCTIONS\Amazon Clone\amazon-clone\functions\1180 {"metadata":{"emulator":{"name":"functions"},"function":{"name":"api"},"message":"[runtime-status] [1180] Attempting to listen to socketPath: \\\\?\\pipe\\D:\\JAYMES\\Codes\\REACT PRODUCTIONS\\Amazon Clone\\amazon-clone\\functions\\1180"}}
[debug] [2021-01-03T00:50:22.748Z] [functions] Runtime ready! Sending request! {"metadata":{"emulator":{"name":"functions"},"message":"[functions] Runtime ready! Sending request!"}}
[debug] [2021-01-03T00:50:22.752Z] [runtime-status] [1180] Ephemeral server handling GET request {"metadata":{"emulator":{"name":"functions"},"function":{"name":"api"},"message":"[runtime-status] [1180] Ephemeral server handling GET request"}}
[debug] [2021-01-03T00:50:22.754Z] [runtime-status] [1180] Ephemeral server survived. {"metadata":{"emulator":{"name":"functions"},"function":{"name":"api"},"message":"[runtime-status] [1180] Ephemeral server survived."}}
[info] i  functions: Finished "api" in ~1s {"metadata":{"emulator":{"name":"functions"},"function":{"name":"api"},"message":"Finished \"api\" in ~1s"}}
[debug] [2021-01-03T00:50:22.756Z] [worker-api-29ce0127-e74e-4ca4-9fa8-0392c44e8ffe]: IDLE {"metadata":{"emulator":{"name":"functions"},"message":"[worker-api-29ce0127-e74e-4ca4-9fa8-0392c44e8ffe]: IDLE"}}
[debug] [2021-01-03T00:50:22.757Z] [work-queue] {"queueLength":0,"workRunningCount":0}
[debug] [2021-01-03T00:51:35.521Z] [work-queue] {"queueLength":1,"workRunningCount":0}
[debug] [2021-01-03T00:51:35.521Z] [work-queue] {"queueLength":0,"workRunningCount":1}
[debug] [2021-01-03T00:51:35.521Z] Accepted request GET /clone-c5acd/us-central1/api --> api
[debug] [2021-01-03T00:51:35.522Z] [worker-pool] submitWork(triggerId=api) {"metadata":{"emulator":{"name":"functions"},"message":"[worker-pool] submitWork(triggerId=api)"}}
[debug] [2021-01-03T00:51:35.522Z] [worker-api-29ce0127-e74e-4ca4-9fa8-0392c44e8ffe]: Assigning socketPath: \\?\pipe\D:\JAYMES\Codes\REACT PRODUCTIONS\Amazon Clone\amazon-clone\functions\1180 {"metadata":{"emulator":{"name":"functions"},"message":"[worker-api-29ce0127-e74e-4ca4-9fa8-0392c44e8ffe]: Assigning socketPath: \\\\?\\pipe\\D:\\JAYMES\\Codes\\REACT PRODUCTIONS\\Amazon Clone\\amazon-clone\\functions\\1180"}}
[debug] [2021-01-03T00:51:35.522Z] [worker-api-29ce0127-e74e-4ca4-9fa8-0392c44e8ffe]: BUSY {"metadata":{"emulator":{"name":"functions"},"message":"[worker-api-29ce0127-e74e-4ca4-9fa8-0392c44e8ffe]: BUSY"}}
[debug] [2021-01-03T00:51:35.522Z] [runtime-status] [1180] Trigger "api" has been found, beginning invocation! {"metadata":{"emulator":{"name":"functions"},"function":{"name":"api"},"message":"[runtime-status] [1180] Trigger \"api\" has been found, beginning invocation!"}}
[info] i  functions: Beginning execution of "api" {"metadata":{"emulator":{"name":"functions"},"function":{"name":"api"},"message":"Beginning execution of \"api\""}}
[debug] [2021-01-03T00:51:35.524Z] [runtime-status] [1180] triggerDefinition {"httpsTrigger":{},"name":"api","entryPoint":"api"} {"metadata":{"emulator":{"name":"functions"},"function":{"name":"api"},"message":"[runtime-status] [1180] triggerDefinition {\"httpsTrigger\":{},\"name\":\"api\",\"entryPoint\":\"api\"}"}}
[debug] [2021-01-03T00:51:35.525Z] [runtime-status] [1180] Running api in mode HTTPS {"metadata":{"emulator":{"name":"functions"},"function":{"name":"api"},"message":"[runtime-status] [1180] Running api in mode HTTPS"}}
[debug] [2021-01-03T00:51:35.527Z] [runtime-status] [1180] Attempting to listen to socketPath: \\?\pipe\D:\JAYMES\Codes\REACT PRODUCTIONS\Amazon Clone\amazon-clone\functions\1180 {"metadata":{"emulator":{"name":"functions"},"function":{"name":"api"},"message":"[runtime-status] [1180] Attempting to listen to socketPath: \\\\?\\pipe\\D:\\JAYMES\\Codes\\REACT PRODUCTIONS\\Amazon Clone\\amazon-clone\\functions\\1180"}}
[debug] [2021-01-03T00:51:35.528Z] [functions] Runtime ready! Sending request! {"metadata":{"emulator":{"name":"functions"},"message":"[functions] Runtime ready! Sending request!"}}
[debug] [2021-01-03T00:51:35.532Z] [runtime-status] [1180] Ephemeral server handling GET request {"metadata":{"emulator":{"name":"functions"},"function":{"name":"api"},"message":"[runtime-status] [1180] Ephemeral server handling GET request"}}
[debug] [2021-01-03T00:51:35.534Z] [runtime-status] [1180] Ephemeral server survived. {"metadata":{"emulator":{"name":"functions"},"function":{"name":"api"},"message":"[runtime-status] [1180] Ephemeral server survived."}}
[info] i  functions: Finished "api" in ~1s {"metadata":{"emulator":{"name":"functions"},"function":{"name":"api"},"message":"Finished \"api\" in ~1s"}}
[debug] [2021-01-03T00:51:35.548Z] [worker-api-29ce0127-e74e-4ca4-9fa8-0392c44e8ffe]: IDLE {"metadata":{"emulator":{"name":"functions"},"message":"[worker-api-29ce0127-e74e-4ca4-9fa8-0392c44e8ffe]: IDLE"}}
[debug] [2021-01-03T00:51:35.548Z] [work-queue] {"queueLength":0,"workRunningCount":0}
[debug] [2021-01-03T00:53:36.348Z] [work-queue] {"queueLength":1,"workRunningCount":0}
[debug] [2021-01-03T00:53:36.348Z] [work-queue] {"queueLength":0,"workRunningCount":1}
[debug] [2021-01-03T00:53:36.348Z] Accepted request POST /clone-c5acd/us-central1/api/payments/create?total%20=%2026899 --> api
[debug] [2021-01-03T00:53:36.348Z] [worker-pool] submitWork(triggerId=api) {"metadata":{"emulator":{"name":"functions"},"message":"[worker-pool] submitWork(triggerId=api)"}}
[debug] [2021-01-03T00:53:36.348Z] [worker-api-29ce0127-e74e-4ca4-9fa8-0392c44e8ffe]: Assigning socketPath: \\?\pipe\D:\JAYMES\Codes\REACT PRODUCTIONS\Amazon Clone\amazon-clone\functions\1180 {"metadata":{"emulator":{"name":"functions"},"message":"[worker-api-29ce0127-e74e-4ca4-9fa8-0392c44e8ffe]: Assigning socketPath: \\\\?\\pipe\\D:\\JAYMES\\Codes\\REACT PRODUCTIONS\\Amazon Clone\\amazon-clone\\functions\\1180"}}
[debug] [2021-01-03T00:53:36.348Z] [worker-api-29ce0127-e74e-4ca4-9fa8-0392c44e8ffe]: BUSY {"metadata":{"emulator":{"name":"functions"},"message":"[worker-api-29ce0127-e74e-4ca4-9fa8-0392c44e8ffe]: BUSY"}}
[debug] [2021-01-03T00:53:36.349Z] [runtime-status] [1180] Trigger "api" has been found, beginning invocation! {"metadata":{"emulator":{"name":"functions"},"function":{"name":"api"},"message":"[runtime-status] [1180] Trigger \"api\" has been found, beginning invocation!"}}
[info] i  functions: Beginning execution of "api" {"metadata":{"emulator":{"name":"functions"},"function":{"name":"api"},"message":"Beginning execution of \"api\""}}
[debug] [2021-01-03T00:53:36.352Z] [runtime-status] [1180] triggerDefinition {"httpsTrigger":{},"name":"api","entryPoint":"api"} {"metadata":{"emulator":{"name":"functions"},"function":{"name":"api"},"message":"[runtime-status] [1180] triggerDefinition {\"httpsTrigger\":{},\"name\":\"api\",\"entryPoint\":\"api\"}"}}
[debug] [2021-01-03T00:53:36.353Z] [runtime-status] [1180] Running api in mode HTTPS {"metadata":{"emulator":{"name":"functions"},"function":{"name":"api"},"message":"[runtime-status] [1180] Running api in mode HTTPS"}}
[debug] [2021-01-03T00:53:36.353Z] [runtime-status] [1180] Attempting to listen to socketPath: \\?\pipe\D:\JAYMES\Codes\REACT PRODUCTIONS\Amazon Clone\amazon-clone\functions\1180 {"metadata":{"emulator":{"name":"functions"},"function":{"name":"api"},"message":"[runtime-status] [1180] Attempting to listen to socketPath: \\\\?\\pipe\\D:\\JAYMES\\Codes\\REACT PRODUCTIONS\\Amazon Clone\\amazon-clone\\functions\\1180"}}
[debug] [2021-01-03T00:53:36.355Z] [functions] Runtime ready! Sending request! {"metadata":{"emulator":{"name":"functions"},"message":"[functions] Runtime ready! Sending request!"}}
[debug] [2021-01-03T00:53:36.361Z] [runtime-status] [1180] Ephemeral server handling POST request {"metadata":{"emulator":{"name":"functions"},"function":{"name":"api"},"message":"[runtime-status] [1180] Ephemeral server handling POST request"}}
[debug] [2021-01-03T00:53:36.369Z] [runtime-status] [1180] Ephemeral server survived. {"metadata":{"emulator":{"name":"functions"},"function":{"name":"api"},"message":"[runtime-status] [1180] Ephemeral server survived."}}
[info] i  functions: Finished "api" in ~1s {"metadata":{"emulator":{"name":"functions"},"function":{"name":"api"},"message":"Finished \"api\" in ~1s"}}
[debug] [2021-01-03T00:53:36.387Z] [worker-api-29ce0127-e74e-4ca4-9fa8-0392c44e8ffe]: IDLE {"metadata":{"emulator":{"name":"functions"},"message":"[worker-api-29ce0127-e74e-4ca4-9fa8-0392c44e8ffe]: IDLE"}}
[debug] [2021-01-03T00:53:36.388Z] [work-queue] {"queueLength":0,"workRunningCount":0}
[debug] [2021-01-03T00:53:48.919Z] [work-queue] {"queueLength":1,"workRunningCount":0}
[debug] [2021-01-03T00:53:48.919Z] [work-queue] {"queueLength":0,"workRunningCount":1}
[debug] [2021-01-03T00:53:48.919Z] Accepted request POST /clone-c5acd/us-central1/api/payments/create?total%20=%200 --> api
[debug] [2021-01-03T00:53:48.919Z] [worker-pool] submitWork(triggerId=api) {"metadata":{"emulator":{"name":"functions"},"message":"[worker-pool] submitWork(triggerId=api)"}}
[debug] [2021-01-03T00:53:48.920Z] [worker-api-29ce0127-e74e-4ca4-9fa8-0392c44e8ffe]: Assigning socketPath: \\?\pipe\D:\JAYMES\Codes\REACT PRODUCTIONS\Amazon Clone\amazon-clone\functions\1180 {"metadata":{"emulator":{"name":"functions"},"message":"[worker-api-29ce0127-e74e-4ca4-9fa8-0392c44e8ffe]: Assigning socketPath: \\\\?\\pipe\\D:\\JAYMES\\Codes\\REACT PRODUCTIONS\\Amazon Clone\\amazon-clone\\functions\\1180"}}
[debug] [2021-01-03T00:53:48.920Z] [worker-api-29ce0127-e74e-4ca4-9fa8-0392c44e8ffe]: BUSY {"metadata":{"emulator":{"name":"functions"},"message":"[worker-api-29ce0127-e74e-4ca4-9fa8-0392c44e8ffe]: BUSY"}}
[debug] [2021-01-03T00:53:48.920Z] [runtime-status] [1180] Trigger "api" has been found, beginning invocation! {"metadata":{"emulator":{"name":"functions"},"function":{"name":"api"},"message":"[runtime-status] [1180] Trigger \"api\" has been found, beginning invocation!"}}
[info] i  functions: Beginning execution of "api" {"metadata":{"emulator":{"name":"functions"},"function":{"name":"api"},"message":"Beginning execution of \"api\""}}
[debug] [2021-01-03T00:53:48.922Z] [runtime-status] [1180] triggerDefinition {"httpsTrigger":{},"name":"api","entryPoint":"api"} {"metadata":{"emulator":{"name":"functions"},"function":{"name":"api"},"message":"[runtime-status] [1180] triggerDefinition {\"httpsTrigger\":{},\"name\":\"api\",\"entryPoint\":\"api\"}"}}
[debug] [2021-01-03T00:53:48.923Z] [runtime-status] [1180] Running api in mode HTTPS {"metadata":{"emulator":{"name":"functions"},"function":{"name":"api"},"message":"[runtime-status] [1180] Running api in mode HTTPS"}}
[debug] [2021-01-03T00:53:48.923Z] [runtime-status] [1180] Attempting to listen to socketPath: \\?\pipe\D:\JAYMES\Codes\REACT PRODUCTIONS\Amazon Clone\amazon-clone\functions\1180 {"metadata":{"emulator":{"name":"functions"},"function":{"name":"api"},"message":"[runtime-status] [1180] Attempting to listen to socketPath: \\\\?\\pipe\\D:\\JAYMES\\Codes\\REACT PRODUCTIONS\\Amazon Clone\\amazon-clone\\functions\\1180"}}
[debug] [2021-01-03T00:53:48.925Z] [functions] Runtime ready! Sending request! {"metadata":{"emulator":{"name":"functions"},"message":"[functions] Runtime ready! Sending request!"}}
[debug] [2021-01-03T00:53:48.930Z] [runtime-status] [1180] Ephemeral server handling POST request {"metadata":{"emulator":{"name":"functions"},"function":{"name":"api"},"message":"[runtime-status] [1180] Ephemeral server handling POST request"}}
[debug] [2021-01-03T00:53:48.932Z] [runtime-status] [1180] Ephemeral server survived. {"metadata":{"emulator":{"name":"functions"},"function":{"name":"api"},"message":"[runtime-status] [1180] Ephemeral server survived."}}
[info] i  functions: Finished "api" in ~1s {"metadata":{"emulator":{"name":"functions"},"function":{"name":"api"},"message":"Finished \"api\" in ~1s"}}
[debug] [2021-01-03T00:53:48.947Z] [worker-api-29ce0127-e74e-4ca4-9fa8-0392c44e8ffe]: IDLE {"metadata":{"emulator":{"name":"functions"},"message":"[worker-api-29ce0127-e74e-4ca4-9fa8-0392c44e8ffe]: IDLE"}}
[debug] [2021-01-03T00:53:48.947Z] [work-queue] {"queueLength":0,"workRunningCount":0}
[debug] [2021-01-03T00:54:01.754Z] [work-queue] {"queueLength":1,"workRunningCount":0}
[debug] [2021-01-03T00:54:01.754Z] [work-queue] {"queueLength":0,"workRunningCount":1}
[debug] [2021-01-03T00:54:01.754Z] Accepted request POST /clone-c5acd/us-central1/api/payments/create?total%20=%2089797 --> api
[debug] [2021-01-03T00:54:01.754Z] [worker-pool] submitWork(triggerId=api) {"metadata":{"emulator":{"name":"functions"},"message":"[worker-pool] submitWork(triggerId=api)"}}
[debug] [2021-01-03T00:54:01.754Z] [worker-api-29ce0127-e74e-4ca4-9fa8-0392c44e8ffe]: Assigning socketPath: \\?\pipe\D:\JAYMES\Codes\REACT PRODUCTIONS\Amazon Clone\amazon-clone\functions\1180 {"metadata":{"emulator":{"name":"functions"},"message":"[worker-api-29ce0127-e74e-4ca4-9fa8-0392c44e8ffe]: Assigning socketPath: \\\\?\\pipe\\D:\\JAYMES\\Codes\\REACT PRODUCTIONS\\Amazon Clone\\amazon-clone\\functions\\1180"}}
[debug] [2021-01-03T00:54:01.754Z] [worker-api-29ce0127-e74e-4ca4-9fa8-0392c44e8ffe]: BUSY {"metadata":{"emulator":{"name":"functions"},"message":"[worker-api-29ce0127-e74e-4ca4-9fa8-0392c44e8ffe]: BUSY"}}
[debug] [2021-01-03T00:54:01.755Z] [runtime-status] [1180] Trigger "api" has been found, beginning invocation! {"metadata":{"emulator":{"name":"functions"},"function":{"name":"api"},"message":"[runtime-status] [1180] Trigger \"api\" has been found, beginning invocation!"}}
[info] i  functions: Beginning execution of "api" {"metadata":{"emulator":{"name":"functions"},"function":{"name":"api"},"message":"Beginning execution of \"api\""}}
[debug] [2021-01-03T00:54:01.756Z] [runtime-status] [1180] triggerDefinition {"httpsTrigger":{},"name":"api","entryPoint":"api"} {"metadata":{"emulator":{"name":"functions"},"function":{"name":"api"},"message":"[runtime-status] [1180] triggerDefinition {\"httpsTrigger\":{},\"name\":\"api\",\"entryPoint\":\"api\"}"}}
[debug] [2021-01-03T00:54:01.756Z] [runtime-status] [1180] Running api in mode HTTPS {"metadata":{"emulator":{"name":"functions"},"function":{"name":"api"},"message":"[runtime-status] [1180] Running api in mode HTTPS"}}
[debug] [2021-01-03T00:54:01.757Z] [runtime-status] [1180] Attempting to listen to socketPath: \\?\pipe\D:\JAYMES\Codes\REACT PRODUCTIONS\Amazon Clone\amazon-clone\functions\1180 {"metadata":{"emulator":{"name":"functions"},"function":{"name":"api"},"message":"[runtime-status] [1180] Attempting to listen to socketPath: \\\\?\\pipe\\D:\\JAYMES\\Codes\\REACT PRODUCTIONS\\Amazon Clone\\amazon-clone\\functions\\1180"}}
[debug] [2021-01-03T00:54:01.758Z] [functions] Runtime ready! Sending request! {"metadata":{"emulator":{"name":"functions"},"message":"[functions] Runtime ready! Sending request!"}}
[debug] [2021-01-03T00:54:01.761Z] [runtime-status] [1180] Ephemeral server handling POST request {"metadata":{"emulator":{"name":"functions"},"function":{"name":"api"},"message":"[runtime-status] [1180] Ephemeral server handling POST request"}}
[debug] [2021-01-03T00:54:01.762Z] [runtime-status] [1180] Ephemeral server survived. {"metadata":{"emulator":{"name":"functions"},"function":{"name":"api"},"message":"[runtime-status] [1180] Ephemeral server survived."}}
[info] i  functions: Finished "api" in ~1s {"metadata":{"emulator":{"name":"functions"},"function":{"name":"api"},"message":"Finished \"api\" in ~1s"}}
[debug] [2021-01-03T00:54:01.776Z] [worker-api-29ce0127-e74e-4ca4-9fa8-0392c44e8ffe]: IDLE {"metadata":{"emulator":{"name":"functions"},"message":"[worker-api-29ce0127-e74e-4ca4-9fa8-0392c44e8ffe]: IDLE"}}
[debug] [2021-01-03T00:54:01.776Z] [work-queue] {"queueLength":0,"workRunningCount":0}
[debug] [2021-01-03T00:54:41.503Z] [work-queue] {"queueLength":1,"workRunningCount":0}
[debug] [2021-01-03T00:54:41.503Z] [work-queue] {"queueLength":0,"workRunningCount":1}
[debug] [2021-01-03T00:54:41.503Z] Accepted request POST /clone-c5acd/us-central1/api/payments/create?total%20=%200 --> api
[debug] [2021-01-03T00:54:41.504Z] [worker-pool] submitWork(triggerId=api) {"metadata":{"emulator":{"name":"functions"},"message":"[worker-pool] submitWork(triggerId=api)"}}
[debug] [2021-01-03T00:54:41.504Z] [worker-api-29ce0127-e74e-4ca4-9fa8-0392c44e8ffe]: Assigning socketPath: \\?\pipe\D:\JAYMES\Codes\REACT PRODUCTIONS\Amazon Clone\amazon-clone\functions\1180 {"metadata":{"emulator":{"name":"functions"},"message":"[worker-api-29ce0127-e74e-4ca4-9fa8-0392c44e8ffe]: Assigning socketPath: \\\\?\\pipe\\D:\\JAYMES\\Codes\\REACT PRODUCTIONS\\Amazon Clone\\amazon-clone\\functions\\1180"}}
[debug] [2021-01-03T00:54:41.504Z] [worker-api-29ce0127-e74e-4ca4-9fa8-0392c44e8ffe]: BUSY {"metadata":{"emulator":{"name":"functions"},"message":"[worker-api-29ce0127-e74e-4ca4-9fa8-0392c44e8ffe]: BUSY"}}
[debug] [2021-01-03T00:54:41.505Z] [runtime-status] [1180] Trigger "api" has been found, beginning invocation! {"metadata":{"emulator":{"name":"functions"},"function":{"name":"api"},"message":"[runtime-status] [1180] Trigger \"api\" has been found, beginning invocation!"}}
[info] i  functions: Beginning execution of "api" {"metadata":{"emulator":{"name":"functions"},"function":{"name":"api"},"message":"Beginning execution of \"api\""}}
[debug] [2021-01-03T00:54:41.506Z] [runtime-status] [1180] triggerDefinition {"httpsTrigger":{},"name":"api","entryPoint":"api"} {"metadata":{"emulator":{"name":"functions"},"function":{"name":"api"},"message":"[runtime-status] [1180] triggerDefinition {\"httpsTrigger\":{},\"name\":\"api\",\"entryPoint\":\"api\"}"}}
[debug] [2021-01-03T00:54:41.507Z] [runtime-status] [1180] Running api in mode HTTPS {"metadata":{"emulator":{"name":"functions"},"function":{"name":"api"},"message":"[runtime-status] [1180] Running api in mode HTTPS"}}
[debug] [2021-01-03T00:54:41.507Z] [runtime-status] [1180] Attempting to listen to socketPath: \\?\pipe\D:\JAYMES\Codes\REACT PRODUCTIONS\Amazon Clone\amazon-clone\functions\1180 {"metadata":{"emulator":{"name":"functions"},"function":{"name":"api"},"message":"[runtime-status] [1180] Attempting to listen to socketPath: \\\\?\\pipe\\D:\\JAYMES\\Codes\\REACT PRODUCTIONS\\Amazon Clone\\amazon-clone\\functions\\1180"}}
[debug] [2021-01-03T00:54:41.509Z] [functions] Runtime ready! Sending request! {"metadata":{"emulator":{"name":"functions"},"message":"[functions] Runtime ready! Sending request!"}}
[debug] [2021-01-03T00:54:41.513Z] [runtime-status] [1180] Ephemeral server handling POST request {"metadata":{"emulator":{"name":"functions"},"function":{"name":"api"},"message":"[runtime-status] [1180] Ephemeral server handling POST request"}}
[debug] [2021-01-03T00:54:41.516Z] [runtime-status] [1180] Ephemeral server survived. {"metadata":{"emulator":{"name":"functions"},"function":{"name":"api"},"message":"[runtime-status] [1180] Ephemeral server survived."}}
[info] i  functions: Finished "api" in ~1s {"metadata":{"emulator":{"name":"functions"},"function":{"name":"api"},"message":"Finished \"api\" in ~1s"}}
[debug] [2021-01-03T00:54:41.535Z] [worker-api-29ce0127-e74e-4ca4-9fa8-0392c44e8ffe]: IDLE {"metadata":{"emulator":{"name":"functions"},"message":"[worker-api-29ce0127-e74e-4ca4-9fa8-0392c44e8ffe]: IDLE"}}
[debug] [2021-01-03T00:54:41.536Z] [work-queue] {"queueLength":0,"workRunningCount":0}
[debug] [2021-01-03T00:55:31.942Z] [work-queue] {"queueLength":1,"workRunningCount":0}
[debug] [2021-01-03T00:55:31.942Z] [work-queue] {"queueLength":0,"workRunningCount":1}
[debug] [2021-01-03T00:55:31.942Z] Accepted request POST /clone-c5acd/us-central1/api/payments/create?total%20=%2023900 --> api
[debug] [2021-01-03T00:55:31.943Z] [worker-pool] submitWork(triggerId=api) {"metadata":{"emulator":{"name":"functions"},"message":"[worker-pool] submitWork(triggerId=api)"}}
[debug] [2021-01-03T00:55:31.943Z] [worker-api-29ce0127-e74e-4ca4-9fa8-0392c44e8ffe]: Assigning socketPath: \\?\pipe\D:\JAYMES\Codes\REACT PRODUCTIONS\Amazon Clone\amazon-clone\functions\1180 {"metadata":{"emulator":{"name":"functions"},"message":"[worker-api-29ce0127-e74e-4ca4-9fa8-0392c44e8ffe]: Assigning socketPath: \\\\?\\pipe\\D:\\JAYMES\\Codes\\REACT PRODUCTIONS\\Amazon Clone\\amazon-clone\\functions\\1180"}}
[debug] [2021-01-03T00:55:31.943Z] [worker-api-29ce0127-e74e-4ca4-9fa8-0392c44e8ffe]: BUSY {"metadata":{"emulator":{"name":"functions"},"message":"[worker-api-29ce0127-e74e-4ca4-9fa8-0392c44e8ffe]: BUSY"}}
[debug] [2021-01-03T00:55:31.944Z] [runtime-status] [1180] Trigger "api" has been found, beginning invocation! {"metadata":{"emulator":{"name":"functions"},"function":{"name":"api"},"message":"[runtime-status] [1180] Trigger \"api\" has been found, beginning invocation!"}}
[info] i  functions: Beginning execution of "api" {"metadata":{"emulator":{"name":"functions"},"function":{"name":"api"},"message":"Beginning execution of \"api\""}}
[debug] [2021-01-03T00:55:31.948Z] [runtime-status] [1180] triggerDefinition {"httpsTrigger":{},"name":"api","entryPoint":"api"} {"metadata":{"emulator":{"name":"functions"},"function":{"name":"api"},"message":"[runtime-status] [1180] triggerDefinition {\"httpsTrigger\":{},\"name\":\"api\",\"entryPoint\":\"api\"}"}}
[debug] [2021-01-03T00:55:31.949Z] [runtime-status] [1180] Running api in mode HTTPS {"metadata":{"emulator":{"name":"functions"},"function":{"name":"api"},"message":"[runtime-status] [1180] Running api in mode HTTPS"}}
[debug] [2021-01-03T00:55:31.949Z] [runtime-status] [1180] Attempting to listen to socketPath: \\?\pipe\D:\JAYMES\Codes\REACT PRODUCTIONS\Amazon Clone\amazon-clone\functions\1180 {"metadata":{"emulator":{"name":"functions"},"function":{"name":"api"},"message":"[runtime-status] [1180] Attempting to listen to socketPath: \\\\?\\pipe\\D:\\JAYMES\\Codes\\REACT PRODUCTIONS\\Amazon Clone\\amazon-clone\\functions\\1180"}}
[debug] [2021-01-03T00:55:31.950Z] [functions] Runtime ready! Sending request! {"metadata":{"emulator":{"name":"functions"},"message":"[functions] Runtime ready! Sending request!"}}
[debug] [2021-01-03T00:55:31.954Z] [runtime-status] [1180] Ephemeral server handling POST request {"metadata":{"emulator":{"name":"functions"},"function":{"name":"api"},"message":"[runtime-status] [1180] Ephemeral server handling POST request"}}
[debug] [2021-01-03T00:55:31.957Z] [runtime-status] [1180] Ephemeral server survived. {"metadata":{"emulator":{"name":"functions"},"function":{"name":"api"},"message":"[runtime-status] [1180] Ephemeral server survived."}}
[info] i  functions: Finished "api" in ~1s {"metadata":{"emulator":{"name":"functions"},"function":{"name":"api"},"message":"Finished \"api\" in ~1s"}}
[debug] [2021-01-03T00:55:31.982Z] [worker-api-29ce0127-e74e-4ca4-9fa8-0392c44e8ffe]: IDLE {"metadata":{"emulator":{"name":"functions"},"message":"[worker-api-29ce0127-e74e-4ca4-9fa8-0392c44e8ffe]: IDLE"}}
[debug] [2021-01-03T00:55:31.983Z] [work-queue] {"queueLength":0,"workRunningCount":0}
[debug] [2021-01-03T01:06:46.742Z] [work-queue] {"queueLength":1,"workRunningCount":0}
[debug] [2021-01-03T01:06:46.742Z] [work-queue] {"queueLength":0,"workRunningCount":1}
[debug] [2021-01-03T01:06:46.742Z] Accepted request POST /clone-c5acd/us-central1/api/payments/create?total%20=%200 --> api
[debug] [2021-01-03T01:06:46.742Z] [worker-pool] submitWork(triggerId=api) {"metadata":{"emulator":{"name":"functions"},"message":"[worker-pool] submitWork(triggerId=api)"}}
[debug] [2021-01-03T01:06:46.743Z] [worker-api-29ce0127-e74e-4ca4-9fa8-0392c44e8ffe]: Assigning socketPath: \\?\pipe\D:\JAYMES\Codes\REACT PRODUCTIONS\Amazon Clone\amazon-clone\functions\1180 {"metadata":{"emulator":{"name":"functions"},"message":"[worker-api-29ce0127-e74e-4ca4-9fa8-0392c44e8ffe]: Assigning socketPath: \\\\?\\pipe\\D:\\JAYMES\\Codes\\REACT PRODUCTIONS\\Amazon Clone\\amazon-clone\\functions\\1180"}}
[debug] [2021-01-03T01:06:46.743Z] [worker-api-29ce0127-e74e-4ca4-9fa8-0392c44e8ffe]: BUSY {"metadata":{"emulator":{"name":"functions"},"message":"[worker-api-29ce0127-e74e-4ca4-9fa8-0392c44e8ffe]: BUSY"}}
[debug] [2021-01-03T01:06:46.743Z] [runtime-status] [1180] Trigger "api" has been found, beginning invocation! {"metadata":{"emulator":{"name":"functions"},"function":{"name":"api"},"message":"[runtime-status] [1180] Trigger \"api\" has been found, beginning invocation!"}}
[info] i  functions: Beginning execution of "api" {"metadata":{"emulator":{"name":"functions"},"function":{"name":"api"},"message":"Beginning execution of \"api\""}}
[debug] [2021-01-03T01:06:46.745Z] [runtime-status] [1180] triggerDefinition {"httpsTrigger":{},"name":"api","entryPoint":"api"} {"metadata":{"emulator":{"name":"functions"},"function":{"name":"api"},"message":"[runtime-status] [1180] triggerDefinition {\"httpsTrigger\":{},\"name\":\"api\",\"entryPoint\":\"api\"}"}}
[debug] [2021-01-03T01:06:46.746Z] [runtime-status] [1180] Running api in mode HTTPS {"metadata":{"emulator":{"name":"functions"},"function":{"name":"api"},"message":"[runtime-status] [1180] Running api in mode HTTPS"}}
[debug] [2021-01-03T01:06:46.746Z] [runtime-status] [1180] Attempting to listen to socketPath: \\?\pipe\D:\JAYMES\Codes\REACT PRODUCTIONS\Amazon Clone\amazon-clone\functions\1180 {"metadata":{"emulator":{"name":"functions"},"function":{"name":"api"},"message":"[runtime-status] [1180] Attempting to listen to socketPath: \\\\?\\pipe\\D:\\JAYMES\\Codes\\REACT PRODUCTIONS\\Amazon Clone\\amazon-clone\\functions\\1180"}}
[debug] [2021-01-03T01:06:46.747Z] [functions] Runtime ready! Sending request! {"metadata":{"emulator":{"name":"functions"},"message":"[functions] Runtime ready! Sending request!"}}
[debug] [2021-01-03T01:06:46.751Z] [runtime-status] [1180] Ephemeral server handling POST request {"metadata":{"emulator":{"name":"functions"},"function":{"name":"api"},"message":"[runtime-status] [1180] Ephemeral server handling POST request"}}
[debug] [2021-01-03T01:06:46.752Z] [runtime-status] [1180] Ephemeral server survived. {"metadata":{"emulator":{"name":"functions"},"function":{"name":"api"},"message":"[runtime-status] [1180] Ephemeral server survived."}}
[info] i  functions: Finished "api" in ~1s {"metadata":{"emulator":{"name":"functions"},"function":{"name":"api"},"message":"Finished \"api\" in ~1s"}}
[debug] [2021-01-03T01:06:46.780Z] [worker-api-29ce0127-e74e-4ca4-9fa8-0392c44e8ffe]: IDLE {"metadata":{"emulator":{"name":"functions"},"message":"[worker-api-29ce0127-e74e-4ca4-9fa8-0392c44e8ffe]: IDLE"}}
[debug] [2021-01-03T01:06:46.780Z] [work-queue] {"queueLength":0,"workRunningCount":0}
[debug] [2021-01-03T01:07:02.596Z] [work-queue] {"queueLength":1,"workRunningCount":0}
[debug] [2021-01-03T01:07:02.597Z] [work-queue] {"queueLength":0,"workRunningCount":1}
[debug] [2021-01-03T01:07:02.597Z] Accepted request POST /clone-c5acd/us-central1/api/payments/create?total%20=%2047800 --> api
[debug] [2021-01-03T01:07:02.597Z] [worker-pool] submitWork(triggerId=api) {"metadata":{"emulator":{"name":"functions"},"message":"[worker-pool] submitWork(triggerId=api)"}}
[debug] [2021-01-03T01:07:02.598Z] [worker-api-29ce0127-e74e-4ca4-9fa8-0392c44e8ffe]: Assigning socketPath: \\?\pipe\D:\JAYMES\Codes\REACT PRODUCTIONS\Amazon Clone\amazon-clone\functions\1180 {"metadata":{"emulator":{"name":"functions"},"message":"[worker-api-29ce0127-e74e-4ca4-9fa8-0392c44e8ffe]: Assigning socketPath: \\\\?\\pipe\\D:\\JAYMES\\Codes\\REACT PRODUCTIONS\\Amazon Clone\\amazon-clone\\functions\\1180"}}
[debug] [2021-01-03T01:07:02.598Z] [worker-api-29ce0127-e74e-4ca4-9fa8-0392c44e8ffe]: BUSY {"metadata":{"emulator":{"name":"functions"},"message":"[worker-api-29ce0127-e74e-4ca4-9fa8-0392c44e8ffe]: BUSY"}}
[debug] [2021-01-03T01:07:02.598Z] [runtime-status] [1180] Trigger "api" has been found, beginning invocation! {"metadata":{"emulator":{"name":"functions"},"function":{"name":"api"},"message":"[runtime-status] [1180] Trigger \"api\" has been found, beginning invocation!"}}
[info] i  functions: Beginning execution of "api" {"metadata":{"emulator":{"name":"functions"},"function":{"name":"api"},"message":"Beginning execution of \"api\""}}
[debug] [2021-01-03T01:07:02.604Z] [runtime-status] [1180] triggerDefinition {"httpsTrigger":{},"name":"api","entryPoint":"api"} {"metadata":{"emulator":{"name":"functions"},"function":{"name":"api"},"message":"[runtime-status] [1180] triggerDefinition {\"httpsTrigger\":{},\"name\":\"api\",\"entryPoint\":\"api\"}"}}
[debug] [2021-01-03T01:07:02.604Z] [runtime-status] [1180] Running api in mode HTTPS {"metadata":{"emulator":{"name":"functions"},"function":{"name":"api"},"message":"[runtime-status] [1180] Running api in mode HTTPS"}}
[debug] [2021-01-03T01:07:02.605Z] [runtime-status] [1180] Attempting to listen to socketPath: \\?\pipe\D:\JAYMES\Codes\REACT PRODUCTIONS\Amazon Clone\amazon-clone\functions\1180 {"metadata":{"emulator":{"name":"functions"},"function":{"name":"api"},"message":"[runtime-status] [1180] Attempting to listen to socketPath: \\\\?\\pipe\\D:\\JAYMES\\Codes\\REACT PRODUCTIONS\\Amazon Clone\\amazon-clone\\functions\\1180"}}
[debug] [2021-01-03T01:07:02.606Z] [functions] Runtime ready! Sending request! {"metadata":{"emulator":{"name":"functions"},"message":"[functions] Runtime ready! Sending request!"}}
[debug] [2021-01-03T01:07:02.608Z] [runtime-status] [1180] Ephemeral server handling POST request {"metadata":{"emulator":{"name":"functions"},"function":{"name":"api"},"message":"[runtime-status] [1180] Ephemeral server handling POST request"}}
[debug] [2021-01-03T01:07:02.610Z] [runtime-status] [1180] Ephemeral server survived. {"metadata":{"emulator":{"name":"functions"},"function":{"name":"api"},"message":"[runtime-status] [1180] Ephemeral server survived."}}
[info] i  functions: Finished "api" in ~1s {"metadata":{"emulator":{"name":"functions"},"function":{"name":"api"},"message":"Finished \"api\" in ~1s"}}
[debug] [2021-01-03T01:07:02.628Z] [worker-api-29ce0127-e74e-4ca4-9fa8-0392c44e8ffe]: IDLE {"metadata":{"emulator":{"name":"functions"},"message":"[worker-api-29ce0127-e74e-4ca4-9fa8-0392c44e8ffe]: IDLE"}}
[debug] [2021-01-03T01:07:02.628Z] [work-queue] {"queueLength":0,"workRunningCount":0}
[debug] [2021-01-03T01:07:17.987Z] [work-queue] {"queueLength":1,"workRunningCount":0}
[debug] [2021-01-03T01:07:17.987Z] [work-queue] {"queueLength":0,"workRunningCount":1}
[debug] [2021-01-03T01:07:17.987Z] Accepted request POST /clone-c5acd/us-central1/api/payments/create?total%20=%200 --> api
[debug] [2021-01-03T01:07:17.987Z] [worker-pool] submitWork(triggerId=api) {"metadata":{"emulator":{"name":"functions"},"message":"[worker-pool] submitWork(triggerId=api)"}}
[debug] [2021-01-03T01:07:17.988Z] [worker-api-29ce0127-e74e-4ca4-9fa8-0392c44e8ffe]: Assigning socketPath: \\?\pipe\D:\JAYMES\Codes\REACT PRODUCTIONS\Amazon Clone\amazon-clone\functions\1180 {"metadata":{"emulator":{"name":"functions"},"message":"[worker-api-29ce0127-e74e-4ca4-9fa8-0392c44e8ffe]: Assigning socketPath: \\\\?\\pipe\\D:\\JAYMES\\Codes\\REACT PRODUCTIONS\\Amazon Clone\\amazon-clone\\functions\\1180"}}
[debug] [2021-01-03T01:07:17.988Z] [worker-api-29ce0127-e74e-4ca4-9fa8-0392c44e8ffe]: BUSY {"metadata":{"emulator":{"name":"functions"},"message":"[worker-api-29ce0127-e74e-4ca4-9fa8-0392c44e8ffe]: BUSY"}}
[debug] [2021-01-03T01:07:17.988Z] [runtime-status] [1180] Trigger "api" has been found, beginning invocation! {"metadata":{"emulator":{"name":"functions"},"function":{"name":"api"},"message":"[runtime-status] [1180] Trigger \"api\" has been found, beginning invocation!"}}
[info] i  functions: Beginning execution of "api" {"metadata":{"emulator":{"name":"functions"},"function":{"name":"api"},"message":"Beginning execution of \"api\""}}
[debug] [2021-01-03T01:07:17.990Z] [runtime-status] [1180] triggerDefinition {"httpsTrigger":{},"name":"api","entryPoint":"api"} {"metadata":{"emulator":{"name":"functions"},"function":{"name":"api"},"message":"[runtime-status] [1180] triggerDefinition {\"httpsTrigger\":{},\"name\":\"api\",\"entryPoint\":\"api\"}"}}
[debug] [2021-01-03T01:07:17.990Z] [runtime-status] [1180] Running api in mode HTTPS {"metadata":{"emulator":{"name":"functions"},"function":{"name":"api"},"message":"[runtime-status] [1180] Running api in mode HTTPS"}}
[debug] [2021-01-03T01:07:17.991Z] [runtime-status] [1180] Attempting to listen to socketPath: \\?\pipe\D:\JAYMES\Codes\REACT PRODUCTIONS\Amazon Clone\amazon-clone\functions\1180 {"metadata":{"emulator":{"name":"functions"},"function":{"name":"api"},"message":"[runtime-status] [1180] Attempting to listen to socketPath: \\\\?\\pipe\\D:\\JAYMES\\Codes\\REACT PRODUCTIONS\\Amazon Clone\\amazon-clone\\functions\\1180"}}
[debug] [2021-01-03T01:07:17.992Z] [functions] Runtime ready! Sending request! {"metadata":{"emulator":{"name":"functions"},"message":"[functions] Runtime ready! Sending request!"}}
[debug] [2021-01-03T01:07:17.995Z] [runtime-status] [1180] Ephemeral server handling POST request {"metadata":{"emulator":{"name":"functions"},"function":{"name":"api"},"message":"[runtime-status] [1180] Ephemeral server handling POST request"}}
[debug] [2021-01-03T01:07:17.996Z] [runtime-status] [1180] Ephemeral server survived. {"metadata":{"emulator":{"name":"functions"},"function":{"name":"api"},"message":"[runtime-status] [1180] Ephemeral server survived."}}
[info] i  functions: Finished "api" in ~1s {"metadata":{"emulator":{"name":"functions"},"function":{"name":"api"},"message":"Finished \"api\" in ~1s"}}
[debug] [2021-01-03T01:07:18.018Z] [worker-api-29ce0127-e74e-4ca4-9fa8-0392c44e8ffe]: IDLE {"metadata":{"emulator":{"name":"functions"},"message":"[worker-api-29ce0127-e74e-4ca4-9fa8-0392c44e8ffe]: IDLE"}}
[debug] [2021-01-03T01:07:18.018Z] [work-queue] {"queueLength":0,"workRunningCount":0}
[debug] [2021-01-03T01:07:28.882Z] [work-queue] {"queueLength":1,"workRunningCount":0}
[debug] [2021-01-03T01:07:28.882Z] [work-queue] {"queueLength":0,"workRunningCount":1}
[debug] [2021-01-03T01:07:28.883Z] Accepted request POST /clone-c5acd/us-central1/api/payments/create?total%20=%2050799 --> api
[debug] [2021-01-03T01:07:28.883Z] [worker-pool] submitWork(triggerId=api) {"metadata":{"emulator":{"name":"functions"},"message":"[worker-pool] submitWork(triggerId=api)"}}
[debug] [2021-01-03T01:07:28.883Z] [worker-api-29ce0127-e74e-4ca4-9fa8-0392c44e8ffe]: Assigning socketPath: \\?\pipe\D:\JAYMES\Codes\REACT PRODUCTIONS\Amazon Clone\amazon-clone\functions\1180 {"metadata":{"emulator":{"name":"functions"},"message":"[worker-api-29ce0127-e74e-4ca4-9fa8-0392c44e8ffe]: Assigning socketPath: \\\\?\\pipe\\D:\\JAYMES\\Codes\\REACT PRODUCTIONS\\Amazon Clone\\amazon-clone\\functions\\1180"}}
[debug] [2021-01-03T01:07:28.883Z] [worker-api-29ce0127-e74e-4ca4-9fa8-0392c44e8ffe]: BUSY {"metadata":{"emulator":{"name":"functions"},"message":"[worker-api-29ce0127-e74e-4ca4-9fa8-0392c44e8ffe]: BUSY"}}
[debug] [2021-01-03T01:07:28.883Z] [runtime-status] [1180] Trigger "api" has been found, beginning invocation! {"metadata":{"emulator":{"name":"functions"},"function":{"name":"api"},"message":"[runtime-status] [1180] Trigger \"api\" has been found, beginning invocation!"}}
[info] i  functions: Beginning execution of "api" {"metadata":{"emulator":{"name":"functions"},"function":{"name":"api"},"message":"Beginning execution of \"api\""}}
[debug] [2021-01-03T01:07:28.885Z] [runtime-status] [1180] triggerDefinition {"httpsTrigger":{},"name":"api","entryPoint":"api"} {"metadata":{"emulator":{"name":"functions"},"function":{"name":"api"},"message":"[runtime-status] [1180] triggerDefinition {\"httpsTrigger\":{},\"name\":\"api\",\"entryPoint\":\"api\"}"}}
[debug] [2021-01-03T01:07:28.886Z] [runtime-status] [1180] Running api in mode HTTPS {"metadata":{"emulator":{"name":"functions"},"function":{"name":"api"},"message":"[runtime-status] [1180] Running api in mode HTTPS"}}
[debug] [2021-01-03T01:07:28.886Z] [runtime-status] [1180] Attempting to listen to socketPath: \\?\pipe\D:\JAYMES\Codes\REACT PRODUCTIONS\Amazon Clone\amazon-clone\functions\1180 {"metadata":{"emulator":{"name":"functions"},"function":{"name":"api"},"message":"[runtime-status] [1180] Attempting to listen to socketPath: \\\\?\\pipe\\D:\\JAYMES\\Codes\\REACT PRODUCTIONS\\Amazon Clone\\amazon-clone\\functions\\1180"}}
[debug] [2021-01-03T01:07:28.888Z] [functions] Runtime ready! Sending request! {"metadata":{"emulator":{"name":"functions"},"message":"[functions] Runtime ready! Sending request!"}}
[debug] [2021-01-03T01:07:28.891Z] [runtime-status] [1180] Ephemeral server handling POST request {"metadata":{"emulator":{"name":"functions"},"function":{"name":"api"},"message":"[runtime-status] [1180] Ephemeral server handling POST request"}}
[debug] [2021-01-03T01:07:28.893Z] [runtime-status] [1180] Ephemeral server survived. {"metadata":{"emulator":{"name":"functions"},"function":{"name":"api"},"message":"[runtime-status] [1180] Ephemeral server survived."}}
[info] i  functions: Finished "api" in ~1s {"metadata":{"emulator":{"name":"functions"},"function":{"name":"api"},"message":"Finished \"api\" in ~1s"}}
[debug] [2021-01-03T01:07:28.921Z] [worker-api-29ce0127-e74e-4ca4-9fa8-0392c44e8ffe]: IDLE {"metadata":{"emulator":{"name":"functions"},"message":"[worker-api-29ce0127-e74e-4ca4-9fa8-0392c44e8ffe]: IDLE"}}
[debug] [2021-01-03T01:07:28.921Z] [work-queue] {"queueLength":0,"workRunningCount":0}
[debug] [2021-01-29T12:03:36.190Z] ----------------------------------------------------------------------
[debug] [2021-01-29T12:03:36.193Z] Command:       C:\Program Files\nodejs\node.exe C:\Users\user\AppData\Roaming\npm\node_modules\firebase-tools\lib\bin\firebase.js init
[debug] [2021-01-29T12:03:36.194Z] CLI Version:   9.1.2
[debug] [2021-01-29T12:03:36.194Z] Platform:      win32
[debug] [2021-01-29T12:03:36.194Z] Node Version:  v10.16.2
[debug] [2021-01-29T12:03:36.195Z] Time:          Fri Jan 29 2021 04:03:36 GMT-0800 (Pacific Standard Time)
[debug] [2021-01-29T12:03:36.195Z] ----------------------------------------------------------------------
[debug] [2021-01-29T12:03:36.195Z] 
[debug] [2021-01-29T12:03:36.207Z] >>> [apiv2][query] GET https://firebase-public.firebaseio.com/cli.json [none]
[debug] [2021-01-29T12:03:36.271Z] > command requires scopes: ["email","openid","https://www.googleapis.com/auth/cloudplatformprojects.readonly","https://www.googleapis.com/auth/firebase","https://www.googleapis.com/auth/cloud-platform"]
[debug] [2021-01-29T12:03:36.271Z] > authorizing via signed-in user
[info] 
     ######## #### ########  ######## ########     ###     ######  ########
     ##        ##  ##     ## ##       ##     ##  ##   ##  ##       ##
     ######    ##  ########  ######   ########  #########  ######  ######
     ##        ##  ##    ##  ##       ##     ## ##     ##       ## ##
     ##       #### ##     ## ######## ########  ##     ##  ######  ########

You're about to initialize a Firebase project in this directory:

  D:\JAYMES\Codes\REACT PRODUCTIONS\Amazon Clone\amazon-clone

Before we get started, keep in mind:

  * You are initializing in an existing Firebase project directory

[debug] [2021-01-29T12:03:37.936Z] <<< [apiv2][status] GET https://firebase-public.firebaseio.com/cli.json 200
[debug] [2021-01-29T12:03:37.937Z] <<< [apiv2][body] GET https://firebase-public.firebaseio.com/cli.json {"cloudBuildErrorAfter":1594252800000,"cloudBuildWarnAfter":1590019200000,"defaultNode10After":1594252800000,"minVersion":"3.0.5","node8DeploysDisabledAfter":1613390400000,"node8RuntimeDisabledAfter":1615809600000,"node8WarnAfter":1600128000000}
[info] 
=== Project Setup
[info] 
[info] First, let's associate this project directory with a Firebase project.
[info] You can create multiple project aliases by running firebase use --add, 
[info] but for now we'll just set up a default project.
[info] 
[info] i  .firebaserc already has a default project, using clone-c5acd. 
[debug] [2021-01-29T12:04:28.768Z] > refreshing access token with scopes: ["email","https://www.googleapis.com/auth/cloud-platform","https://www.googleapis.com/auth/cloudplatformprojects.readonly","https://www.googleapis.com/auth/firebase","openid"]
[debug] [2021-01-29T12:04:28.769Z] >>> HTTP REQUEST POST https://www.googleapis.com/oauth2/v3/token  
 <request body omitted>
[debug] [2021-01-29T12:04:29.831Z] <<< HTTP RESPONSE 200 {"pragma":"no-cache","expires":"Mon, 01 Jan 1990 00:00:00 GMT","date":"Fri, 29 Jan 2021 03:05:57 GMT","cache-control":"no-cache, no-store, max-age=0, must-revalidate","content-type":"application/json; charset=utf-8","vary":"X-Origin, Referer, Origin,Accept-Encoding","server":"scaffolding on HTTPServer2","x-xss-protection":"0","x-frame-options":"SAMEORIGIN","x-content-type-options":"nosniff","alt-svc":"h3-29=\":443\"; ma=2592000,h3-T051=\":443\"; ma=2592000,h3-Q050=\":443\"; ma=2592000,h3-Q046=\":443\"; ma=2592000,h3-Q043=\":443\"; ma=2592000,quic=\":443\"; ma=2592000; v=\"46,43\"","accept-ranges":"none","transfer-encoding":"chunked"}
[debug] [2021-01-29T12:04:29.855Z] >>> HTTP REQUEST GET https://firebase.googleapis.com/v1beta1/projects/clone-c5acd  
 
[debug] [2021-01-29T12:04:31.120Z] <<< HTTP RESPONSE 200 {"content-type":"application/json; charset=UTF-8","vary":"X-Origin, Referer, Origin,Accept-Encoding","date":"Fri, 29 Jan 2021 03:05:58 GMT","server":"ESF","cache-control":"private","x-xss-protection":"0","x-frame-options":"SAMEORIGIN","x-content-type-options":"nosniff","alt-svc":"h3-29=\":443\"; ma=2592000,h3-T051=\":443\"; ma=2592000,h3-Q050=\":443\"; ma=2592000,h3-Q046=\":443\"; ma=2592000,h3-Q043=\":443\"; ma=2592000,quic=\":443\"; ma=2592000; v=\"46,43\"","accept-ranges":"none","transfer-encoding":"chunked"}
[info] 
=== Functions Setup
[info] 
[info] A functions directory will be created in your project with a Node.js
[info] package pre-configured. Functions can be deployed with firebase deploy.
[info] 
[debug] [2021-01-29T12:04:31.128Z] > command requires scopes: ["email","openid","https://www.googleapis.com/auth/cloudplatformprojects.readonly","https://www.googleapis.com/auth/firebase","https://www.googleapis.com/auth/cloud-platform"]
[debug] [2021-01-29T12:04:31.129Z] > authorizing via signed-in user
[debug] [2021-01-29T12:04:31.129Z] [iam] checking project clone-c5acd for permissions ["firebase.projects.get"]
[debug] [2021-01-29T12:04:31.130Z] >>> HTTP REQUEST POST https://cloudresourcemanager.googleapis.com/v1/projects/clone-c5acd:testIamPermissions  
 {"permissions":["firebase.projects.get"]}
[debug] [2021-01-29T12:04:33.519Z] <<< HTTP RESPONSE 200 {"content-type":"application/json; charset=UTF-8","vary":"X-Origin, Referer, Origin,Accept-Encoding","date":"Fri, 29 Jan 2021 03:06:00 GMT","server":"ESF","cache-control":"private","x-xss-protection":"0","x-frame-options":"SAMEORIGIN","x-content-type-options":"nosniff","server-timing":"gfet4t7; dur=1177","alt-svc":"h3-29=\":443\"; ma=2592000,h3-T051=\":443\"; ma=2592000,h3-Q050=\":443\"; ma=2592000,h3-Q046=\":443\"; ma=2592000,h3-Q043=\":443\"; ma=2592000,quic=\":443\"; ma=2592000; v=\"46,43\"","accept-ranges":"none","transfer-encoding":"chunked"}
[debug] [2021-01-29T12:04:33.521Z] >>> HTTP REQUEST POST https://serviceusage.googleapis.com/v1/projects/clone-c5acd/services/cloudfunctions.googleapis.com:enable  
 
[debug] [2021-01-29T12:04:33.521Z] >>> HTTP REQUEST POST https://serviceusage.googleapis.com/v1/projects/clone-c5acd/services/runtimeconfig.googleapis.com:enable  
 
[debug] [2021-01-29T12:04:35.836Z] <<< HTTP RESPONSE 200 {"content-type":"application/json; charset=UTF-8","vary":"X-Origin, Referer, Origin,Accept-Encoding","date":"Fri, 29 Jan 2021 03:06:03 GMT","server":"ESF","cache-control":"private","x-xss-protection":"0","x-frame-options":"SAMEORIGIN","x-content-type-options":"nosniff","alt-svc":"h3-29=\":443\"; ma=2592000,h3-T051=\":443\"; ma=2592000,h3-Q050=\":443\"; ma=2592000,h3-Q046=\":443\"; ma=2592000,h3-Q043=\":443\"; ma=2592000,quic=\":443\"; ma=2592000; v=\"46,43\"","accept-ranges":"none","transfer-encoding":"chunked"}
[debug] [2021-01-29T12:04:35.837Z] <<< HTTP RESPONSE 200 {"content-type":"application/json; charset=UTF-8","vary":"X-Origin, Referer, Origin,Accept-Encoding","date":"Fri, 29 Jan 2021 03:06:03 GMT","server":"ESF","cache-control":"private","x-xss-protection":"0","x-frame-options":"SAMEORIGIN","x-content-type-options":"nosniff","alt-svc":"h3-29=\":443\"; ma=2592000,h3-T051=\":443\"; ma=2592000,h3-Q050=\":443\"; ma=2592000,h3-Q046=\":443\"; ma=2592000,h3-Q043=\":443\"; ma=2592000,quic=\":443\"; ma=2592000; v=\"46,43\"","accept-ranges":"none","transfer-encoding":"chunked"}
